2024-06-22 13:35:51,191 - n_users=78578, n_items=77801	n_interactions=2880201	n_train=2240156, n_test=640045, sparsity=0.00037
2024-06-22 13:35:51,191 - Namespace(Ks='[20, 40]', batch_size=10240, cen_reg=0.005, data_path='data/', dataset='amazon', emb_reg=2.5e-05, embed_size=32, epoch=100, lr=0.001, n_batch=40, n_heads=4, n_intents=128, n_layers=2, sample_num=40, save_model=False, seed=2022, show_step=1, ssl_reg=0.1, temp=1, train_num=10000, verbose=1)
2024-06-22 13:36:27,606 - Epoch  0 [22.2s + 3.6s]: train==[11.12952=0.51122 + 0.00325 + 0.41560], test-recall=[0.0411, 0.0648], test-ndcg=[0.0304, 0.0383]
2024-06-22 13:36:53,899 - Epoch  1 [22.0s + 4.3s]: train==[10.43645=0.16953 + 0.01238 + 0.36296], test-recall=[0.0500, 0.0789], test-ndcg=[0.0375, 0.0471]
2024-06-22 13:37:19,183 - Epoch  2 [22.0s + 3.3s]: train==[10.33542=0.11518 + 0.01727 + 0.34908], test-recall=[0.0567, 0.0888], test-ndcg=[0.0426, 0.0532]
2024-06-22 13:37:44,442 - Epoch  3 [22.0s + 3.3s]: train==[10.29222=0.09687 + 0.01979 + 0.33330], test-recall=[0.0609, 0.0955], test-ndcg=[0.0459, 0.0572]
2024-06-22 13:38:09,749 - Epoch  4 [22.0s + 3.3s]: train==[10.26042=0.08590 + 0.02173 + 0.31686], test-recall=[0.0644, 0.0995], test-ndcg=[0.0485, 0.0601]
2024-06-22 13:38:34,956 - Epoch  5 [21.9s + 3.3s]: train==[10.23039=0.07705 + 0.02329 + 0.30055], test-recall=[0.0668, 0.1030], test-ndcg=[0.0504, 0.0622]
2024-06-22 13:39:00,489 - Epoch  6 [21.9s + 3.6s]: train==[10.20647=0.07074 + 0.02462 + 0.28507], test-recall=[0.0688, 0.1058], test-ndcg=[0.0519, 0.0640]
2024-06-22 13:39:25,688 - Epoch  7 [21.6s + 3.6s]: train==[10.18472=0.06544 + 0.02575 + 0.27053], test-recall=[0.0702, 0.1078], test-ndcg=[0.0531, 0.0655]
2024-06-22 13:39:52,979 - Epoch  8 [24.0s + 3.3s]: train==[10.16575=0.06170 + 0.02669 + 0.25698], test-recall=[0.0717, 0.1099], test-ndcg=[0.0542, 0.0667]
2024-06-22 13:40:18,612 - Epoch  9 [22.0s + 3.7s]: train==[10.15020=0.05807 + 0.02753 + 0.24463], test-recall=[0.0732, 0.1115], test-ndcg=[0.0552, 0.0679]
2024-06-22 13:40:43,897 - Epoch 10 [21.9s + 3.4s]: train==[10.13475=0.05573 + 0.02823 + 0.23345], test-recall=[0.0745, 0.1136], test-ndcg=[0.0563, 0.0692]
2024-06-22 13:41:09,168 - Epoch 11 [22.0s + 3.3s]: train==[10.12289=0.05312 + 0.02883 + 0.22332], test-recall=[0.0751, 0.1149], test-ndcg=[0.0569, 0.0700]
2024-06-22 13:41:34,441 - Epoch 12 [21.9s + 3.3s]: train==[10.11014=0.05020 + 0.02935 + 0.21413], test-recall=[0.0759, 0.1163], test-ndcg=[0.0575, 0.0707]
2024-06-22 13:41:59,612 - Epoch 13 [21.9s + 3.2s]: train==[10.09973=0.04873 + 0.02984 + 0.20585], test-recall=[0.0770, 0.1172], test-ndcg=[0.0584, 0.0716]
2024-06-22 13:42:25,081 - Epoch 14 [21.9s + 3.6s]: train==[10.08995=0.04677 + 0.03023 + 0.19835], test-recall=[0.0781, 0.1190], test-ndcg=[0.0591, 0.0726]
2024-06-22 13:42:50,254 - Epoch 15 [21.9s + 3.3s]: train==[10.08117=0.04498 + 0.03058 + 0.19154], test-recall=[0.0790, 0.1196], test-ndcg=[0.0597, 0.0730]
2024-06-22 13:43:15,438 - Epoch 16 [21.9s + 3.3s]: train==[10.07284=0.04387 + 0.03088 + 0.18530], test-recall=[0.0791, 0.1206], test-ndcg=[0.0598, 0.0735]
2024-06-22 13:43:40,596 - Epoch 17 [21.9s + 3.2s]: train==[10.06591=0.04267 + 0.03113 + 0.17954], test-recall=[0.0801, 0.1214], test-ndcg=[0.0604, 0.0740]
2024-06-22 13:44:05,768 - Epoch 18 [21.9s + 3.2s]: train==[10.05914=0.04090 + 0.03139 + 0.17423], test-recall=[0.0803, 0.1226], test-ndcg=[0.0608, 0.0747]
2024-06-22 13:44:30,877 - Epoch 19 [21.9s + 3.2s]: train==[10.05341=0.04030 + 0.03160 + 0.16932], test-recall=[0.0810, 0.1236], test-ndcg=[0.0614, 0.0754]
2024-06-22 13:44:56,320 - Epoch 20 [21.9s + 3.5s]: train==[10.04730=0.03884 + 0.03180 + 0.16477], test-recall=[0.0817, 0.1243], test-ndcg=[0.0620, 0.0759]
2024-06-22 13:45:21,481 - Epoch 21 [21.6s + 3.6s]: train==[10.04205=0.03791 + 0.03201 + 0.16055], test-recall=[0.0818, 0.1247], test-ndcg=[0.0621, 0.0762]
2024-06-22 13:45:46,646 - Epoch 22 [21.9s + 3.3s]: train==[10.03715=0.03763 + 0.03214 + 0.15663], test-recall=[0.0821, 0.1253], test-ndcg=[0.0624, 0.0766]
2024-06-22 13:46:12,099 - Epoch 23 [21.9s + 3.6s]: train==[10.03255=0.03602 + 0.03227 + 0.15299], test-recall=[0.0827, 0.1260], test-ndcg=[0.0630, 0.0772]
2024-06-22 13:46:37,271 - Epoch 24 [21.9s + 3.3s]: train==[10.02855=0.03591 + 0.03240 + 0.14958], test-recall=[0.0833, 0.1260], test-ndcg=[0.0634, 0.0774]
2024-06-22 13:47:02,786 - Epoch 25 [21.9s + 3.6s]: train==[10.02457=0.03478 + 0.03250 + 0.14638], test-recall=[0.0836, 0.1265], test-ndcg=[0.0635, 0.0777]
2024-06-22 13:47:27,890 - Epoch 26 [21.9s + 3.2s]: train==[10.02107=0.03396 + 0.03260 + 0.14339], test-recall=[0.0837, 0.1267], test-ndcg=[0.0637, 0.0779]
2024-06-22 13:47:53,078 - Epoch 27 [22.0s + 3.2s]: train==[10.01795=0.03385 + 0.03264 + 0.14059], test-recall=[0.0840, 0.1271], test-ndcg=[0.0641, 0.0782]
2024-06-22 13:48:18,285 - Epoch 28 [22.0s + 3.3s]: train==[10.01484=0.03290 + 0.03273 + 0.13794], test-recall=[0.0845, 0.1276], test-ndcg=[0.0643, 0.0785]
2024-06-22 13:48:43,493 - Epoch 29 [21.9s + 3.3s]: train==[10.01167=0.03270 + 0.03276 + 0.13544], test-recall=[0.0846, 0.1278], test-ndcg=[0.0646, 0.0788]
2024-06-22 13:49:08,754 - Epoch 30 [21.9s + 3.3s]: train==[10.00899=0.03244 + 0.03285 + 0.13308], test-recall=[0.0847, 0.1282], test-ndcg=[0.0647, 0.0790]
2024-06-22 13:49:34,281 - Epoch 31 [21.9s + 3.6s]: train==[10.00590=0.03175 + 0.03294 + 0.13085], test-recall=[0.0847, 0.1286], test-ndcg=[0.0648, 0.0792]
2024-06-22 13:49:59,535 - Epoch 32 [22.0s + 3.3s]: train==[10.00393=0.03130 + 0.03295 + 0.12873], test-recall=[0.0853, 0.1293], test-ndcg=[0.0651, 0.0796]
2024-06-22 13:50:24,856 - Epoch 33 [22.0s + 3.3s]: train==[10.00169=0.03076 + 0.03300 + 0.12672], test-recall=[0.0855, 0.1294], test-ndcg=[0.0652, 0.0796]
2024-06-22 13:50:50,128 - Epoch 34 [22.0s + 3.3s]: train==[9.99852=0.03021 + 0.03303 + 0.12480], test-recall=[0.0856, 0.1296], test-ndcg=[0.0654, 0.0798]
2024-06-22 13:51:15,413 - Epoch 35 [22.0s + 3.3s]: train==[9.99760=0.03077 + 0.03306 + 0.12297], test-recall=[0.0859, 0.1298], test-ndcg=[0.0654, 0.0799]
2024-06-22 13:51:40,585 - Epoch 36 [22.0s + 3.2s]: train==[9.99405=0.02944 + 0.03310 + 0.12122], test-recall=[0.0861, 0.1298], test-ndcg=[0.0654, 0.0798]
2024-06-22 13:52:06,078 - Epoch 37 [21.9s + 3.6s]: train==[9.99289=0.02931 + 0.03314 + 0.11955], test-recall=[0.0863, 0.1299], test-ndcg=[0.0655, 0.0799]
2024-06-22 13:52:31,336 - Epoch 38 [21.6s + 3.6s]: train==[9.99136=0.02859 + 0.03314 + 0.11796], test-recall=[0.0864, 0.1299], test-ndcg=[0.0656, 0.0800]
2024-06-22 13:52:56,620 - Epoch 39 [22.0s + 3.3s]: train==[9.98815=0.02821 + 0.03317 + 0.11643], test-recall=[0.0863, 0.1299], test-ndcg=[0.0659, 0.0803]
2024-06-22 13:53:22,257 - Epoch 40 [22.0s + 3.7s]: train==[9.98832=0.02809 + 0.03321 + 0.11497], test-recall=[0.0867, 0.1301], test-ndcg=[0.0662, 0.0805]
2024-06-22 13:53:48,850 - Epoch 41 [22.3s + 4.3s]: train==[9.98524=0.02694 + 0.03327 + 0.11357], test-recall=[0.0866, 0.1301], test-ndcg=[0.0663, 0.0807]
2024-06-22 13:54:14,699 - Epoch 42 [22.3s + 3.6s]: train==[9.98463=0.02800 + 0.03325 + 0.11223], test-recall=[0.0867, 0.1306], test-ndcg=[0.0661, 0.0805]
2024-06-22 13:54:42,136 - Epoch 43 [23.5s + 3.9s]: train==[9.98298=0.02710 + 0.03331 + 0.11093], test-recall=[0.0868, 0.1309], test-ndcg=[0.0662, 0.0807]
2024-06-22 13:55:09,145 - Epoch 44 [23.7s + 3.3s]: train==[9.98074=0.02739 + 0.03329 + 0.10968], test-recall=[0.0870, 0.1314], test-ndcg=[0.0664, 0.0809]
2024-06-22 13:55:34,456 - Epoch 45 [22.0s + 3.3s]: train==[9.98035=0.02684 + 0.03329 + 0.10847], test-recall=[0.0870, 0.1313], test-ndcg=[0.0665, 0.0811]
2024-06-22 13:55:59,766 - Epoch 46 [22.0s + 3.3s]: train==[9.97848=0.02656 + 0.03333 + 0.10732], test-recall=[0.0869, 0.1315], test-ndcg=[0.0664, 0.0810]
2024-06-22 13:56:25,084 - Epoch 47 [22.0s + 3.3s]: train==[9.97747=0.02625 + 0.03333 + 0.10619], test-recall=[0.0875, 0.1317], test-ndcg=[0.0666, 0.0812]
2024-06-22 13:56:50,545 - Epoch 48 [21.9s + 3.5s]: train==[9.97674=0.02651 + 0.03335 + 0.10511], test-recall=[0.0871, 0.1315], test-ndcg=[0.0666, 0.0812]
2024-06-22 13:57:15,793 - Epoch 49 [21.9s + 3.3s]: train==[9.97446=0.02546 + 0.03338 + 0.10407], test-recall=[0.0875, 0.1316], test-ndcg=[0.0671, 0.0816]
2024-06-22 13:57:40,967 - Epoch 50 [21.9s + 3.2s]: train==[9.97541=0.02624 + 0.03338 + 0.10307], test-recall=[0.0875, 0.1317], test-ndcg=[0.0672, 0.0817]
2024-06-22 13:58:06,199 - Epoch 51 [21.9s + 3.3s]: train==[9.97388=0.02538 + 0.03341 + 0.10209], test-recall=[0.0873, 0.1320], test-ndcg=[0.0671, 0.0818]
2024-06-22 13:58:31,372 - Epoch 52 [21.9s + 3.2s]: train==[9.97197=0.02508 + 0.03342 + 0.10115], test-recall=[0.0876, 0.1318], test-ndcg=[0.0670, 0.0816]
2024-06-22 13:58:56,562 - Epoch 53 [21.9s + 3.3s]: train==[9.97066=0.02499 + 0.03343 + 0.10023], test-recall=[0.0883, 0.1316], test-ndcg=[0.0674, 0.0817]
2024-06-22 13:59:22,116 - Epoch 54 [22.0s + 3.6s]: train==[9.97034=0.02527 + 0.03345 + 0.09934], test-recall=[0.0880, 0.1320], test-ndcg=[0.0673, 0.0818]
2024-06-22 13:59:47,324 - Epoch 55 [21.6s + 3.6s]: train==[9.96922=0.02494 + 0.03347 + 0.09848], test-recall=[0.0879, 0.1318], test-ndcg=[0.0675, 0.0819]
2024-06-22 14:00:12,741 - Epoch 56 [22.0s + 3.4s]: train==[9.96809=0.02444 + 0.03349 + 0.09764], test-recall=[0.0872, 0.1310], test-ndcg=[0.0673, 0.0818]
2024-06-22 14:00:38,365 - Epoch 57 [22.1s + 3.6s]: train==[9.96755=0.02417 + 0.03349 + 0.09683], test-recall=[0.0874, 0.1310], test-ndcg=[0.0673, 0.0817]
2024-06-22 14:01:03,693 - Epoch 58 [22.0s + 3.3s]: train==[9.96658=0.02435 + 0.03355 + 0.09604], test-recall=[0.0873, 0.1309], test-ndcg=[0.0674, 0.0817]
2024-06-22 14:01:29,278 - Epoch 59 [21.9s + 3.6s]: train==[9.96572=0.02388 + 0.03353 + 0.09528], test-recall=[0.0881, 0.1313], test-ndcg=[0.0676, 0.0819]
2024-06-22 14:01:54,637 - Epoch 60 [22.1s + 3.2s]: train==[9.96510=0.02413 + 0.03358 + 0.09453], test-recall=[0.0882, 0.1316], test-ndcg=[0.0678, 0.0820]
2024-06-22 14:02:19,802 - Epoch 61 [21.9s + 3.2s]: train==[9.96486=0.02411 + 0.03357 + 0.09381], test-recall=[0.0880, 0.1309], test-ndcg=[0.0678, 0.0819]
2024-06-22 14:02:44,922 - Epoch 62 [21.9s + 3.2s]: train==[9.96344=0.02333 + 0.03359 + 0.09310], test-recall=[0.0877, 0.1309], test-ndcg=[0.0676, 0.0818]
2024-06-22 14:03:10,086 - Epoch 63 [21.9s + 3.3s]: train==[9.96338=0.02391 + 0.03360 + 0.09241], test-recall=[0.0879, 0.1312], test-ndcg=[0.0677, 0.0820]
2024-06-22 14:03:35,183 - Epoch 64 [21.9s + 3.2s]: train==[9.96294=0.02335 + 0.03363 + 0.09174], test-recall=[0.0880, 0.1313], test-ndcg=[0.0675, 0.0818]
2024-06-22 14:04:00,576 - Epoch 65 [21.8s + 3.5s]: train==[9.96118=0.02341 + 0.03365 + 0.09109], test-recall=[0.0880, 0.1309], test-ndcg=[0.0676, 0.0817]
2024-06-22 14:04:25,666 - Epoch 66 [21.9s + 3.2s]: train==[9.96033=0.02293 + 0.03366 + 0.09046], test-recall=[0.0879, 0.1310], test-ndcg=[0.0676, 0.0817]
2024-06-22 14:04:50,835 - Epoch 67 [21.9s + 3.2s]: train==[9.96035=0.02291 + 0.03366 + 0.08984], test-recall=[0.0878, 0.1308], test-ndcg=[0.0673, 0.0814]
2024-06-22 14:05:15,905 - Epoch 68 [21.8s + 3.2s]: train==[9.95894=0.02274 + 0.03368 + 0.08923], test-recall=[0.0875, 0.1310], test-ndcg=[0.0673, 0.0817]
2024-06-22 14:05:40,996 - Epoch 69 [21.9s + 3.2s]: train==[9.95956=0.02296 + 0.03368 + 0.08864], test-recall=[0.0878, 0.1307], test-ndcg=[0.0675, 0.0816]
2024-06-22 14:06:06,072 - Epoch 70 [21.8s + 3.2s]: train==[9.95833=0.02308 + 0.03372 + 0.08807], test-recall=[0.0880, 0.1306], test-ndcg=[0.0676, 0.0816]
2024-06-22 14:06:31,457 - Epoch 71 [21.8s + 3.6s]: train==[9.95782=0.02220 + 0.03373 + 0.08750], test-recall=[0.0874, 0.1299], test-ndcg=[0.0674, 0.0813]
2024-06-22 14:06:56,540 - Epoch 72 [21.5s + 3.6s]: train==[9.95724=0.02278 + 0.03379 + 0.08695], test-recall=[0.0876, 0.1296], test-ndcg=[0.0673, 0.0812]
2024-06-22 14:07:21,581 - Epoch 73 [21.9s + 3.2s]: train==[9.95684=0.02250 + 0.03377 + 0.08641], test-recall=[0.0873, 0.1294], test-ndcg=[0.0673, 0.0812]
2024-06-22 14:07:46,765 - Epoch 74 [21.7s + 3.5s]: train==[9.95646=0.02248 + 0.03378 + 0.08589], test-recall=[0.0873, 0.1297], test-ndcg=[0.0673, 0.0813]
2024-06-22 14:08:11,735 - Epoch 75 [21.8s + 3.2s]: train==[9.95537=0.02216 + 0.03382 + 0.08537], test-recall=[0.0870, 0.1291], test-ndcg=[0.0672, 0.0811]
2024-06-22 14:08:36,979 - Epoch 76 [21.7s + 3.5s]: train==[9.95583=0.02285 + 0.03384 + 0.08487], test-recall=[0.0870, 0.1289], test-ndcg=[0.0671, 0.0809]
2024-06-22 14:09:01,938 - Epoch 77 [21.8s + 3.2s]: train==[9.95476=0.02266 + 0.03389 + 0.08438], test-recall=[0.0869, 0.1292], test-ndcg=[0.0671, 0.0810]
2024-06-22 14:09:26,932 - Epoch 78 [21.8s + 3.2s]: train==[9.95489=0.02257 + 0.03390 + 0.08389], test-recall=[0.0868, 0.1293], test-ndcg=[0.0672, 0.0811]
2024-06-22 14:09:51,929 - Epoch 79 [21.8s + 3.2s]: train==[9.95338=0.02176 + 0.03394 + 0.08342], test-recall=[0.0887, 0.1290], test-ndcg=[0.0680, 0.0819]
2024-06-22 14:10:16,863 - Epoch 80 [21.7s + 3.2s]: train==[9.95361=0.02171 + 0.03398 + 0.08295], test-recall=[0.0885, 0.1287], test-ndcg=[0.0678, 0.0815]
2024-06-22 14:10:41,887 - Epoch 81 [21.8s + 3.3s]: train==[9.95231=0.02130 + 0.03398 + 0.08250], test-recall=[0.0890, 0.1290], test-ndcg=[0.0682, 0.0820]
2024-06-22 14:11:07,404 - Epoch 82 [21.9s + 3.6s]: train==[9.95216=0.02135 + 0.03401 + 0.08205], test-recall=[0.0893, 0.1292], test-ndcg=[0.0684, 0.0821]
2024-06-22 14:11:32,496 - Epoch 83 [21.8s + 3.3s]: train==[9.95231=0.02172 + 0.03398 + 0.08161], test-recall=[0.0892, 0.1292], test-ndcg=[0.0685, 0.0820]
2024-06-22 14:11:57,665 - Epoch 84 [21.9s + 3.3s]: train==[9.95162=0.02229 + 0.03402 + 0.08119], test-recall=[0.0896, 0.1300], test-ndcg=[0.0689, 0.0822]
2024-06-22 14:12:22,795 - Epoch 85 [21.9s + 3.3s]: train==[9.95170=0.02191 + 0.03406 + 0.08077], test-recall=[0.0895, 0.1292], test-ndcg=[0.0688, 0.0822]
2024-06-22 14:12:47,914 - Epoch 86 [21.9s + 3.2s]: train==[9.95163=0.02195 + 0.03409 + 0.08036], test-recall=[0.0895, 0.1281], test-ndcg=[0.0690, 0.0819]
2024-06-22 14:13:12,979 - Epoch 87 [21.8s + 3.2s]: train==[9.95013=0.02154 + 0.03414 + 0.07996], test-recall=[0.0896, 0.1283], test-ndcg=[0.0692, 0.0821]
2024-06-22 14:13:38,429 - Epoch 88 [21.9s + 3.6s]: train==[9.95032=0.02196 + 0.03416 + 0.07956], test-recall=[0.0894, 0.1281], test-ndcg=[0.0693, 0.0820]
2024-06-22 14:14:03,578 - Epoch 89 [21.6s + 3.6s]: train==[9.95078=0.02153 + 0.03419 + 0.07917], test-recall=[0.0864, 0.1288], test-ndcg=[0.0682, 0.0820]
2024-06-22 14:14:28,716 - Epoch 90 [21.9s + 3.2s]: train==[9.94918=0.02077 + 0.03421 + 0.07879], test-recall=[0.0869, 0.1285], test-ndcg=[0.0686, 0.0817]
2024-06-22 14:14:54,121 - Epoch 91 [21.9s + 3.5s]: train==[9.94983=0.02154 + 0.03425 + 0.07841], test-recall=[0.0871, 0.1286], test-ndcg=[0.0681, 0.0818]
2024-06-22 14:15:19,168 - Epoch 92 [21.8s + 3.2s]: train==[9.94912=0.02119 + 0.03427 + 0.07805], test-recall=[0.0883, 0.1290], test-ndcg=[0.0682, 0.0820]
2024-06-22 14:15:44,508 - Epoch 93 [21.8s + 3.5s]: train==[9.94821=0.02091 + 0.03429 + 0.07769], test-recall=[0.0880, 0.1295], test-ndcg=[0.0683, 0.0822]
2024-06-22 14:16:09,627 - Epoch 94 [21.9s + 3.3s]: train==[9.94962=0.02116 + 0.03431 + 0.07733], test-recall=[0.0888, 0.1305], test-ndcg=[0.0679, 0.0824]
2024-06-22 14:16:34,778 - Epoch 95 [21.9s + 3.2s]: train==[9.94726=0.02071 + 0.03431 + 0.07698], test-recall=[0.0890, 0.1310], test-ndcg=[0.0680, 0.0829]
2024-06-22 14:16:59,843 - Epoch 96 [21.9s + 3.2s]: train==[9.94836=0.02120 + 0.03436 + 0.07664], test-recall=[0.0895, 0.1315], test-ndcg=[0.0684, 0.0830]
2024-06-22 14:17:24,915 - Epoch 97 [21.8s + 3.2s]: train==[9.94700=0.02047 + 0.03439 + 0.07630], test-recall=[0.0896, 0.1322], test-ndcg=[0.0684, 0.0832]
2024-06-22 14:17:50,044 - Epoch 98 [21.9s + 3.2s]: train==[9.94806=0.02121 + 0.03442 + 0.07597], test-recall=[0.0899, 0.1322], test-ndcg=[0.0683, 0.0832]
2024-06-22 14:18:15,382 - Epoch 99 [21.8s + 3.5s]: train==[9.94753=0.02126 + 0.03443 + 0.07564], test-recall=[0.0901, 0.1325], test-ndcg=[0.0685, 0.0833]
2024-06-22 14:18:18,848 - Final Test Set Result: test-recall=[0.0901, 0.1325], test-ndcg=[0.0685, 0.0833]
