2024-06-22 17:15:45,441 - n_users=50821, n_items=57440	n_interactions=1302695	n_train=1172425, n_test=130270, sparsity=0.00040
2024-06-22 17:15:45,441 - Namespace(Ks='[20, 40]', batch_size=10240, cen_reg=0.005, data_path='data/', dataset='gowalla', emb_reg=2.5e-05, embed_size=32, epoch=200, lr=0.001, n_batch=40, n_heads=4, n_intents=128, n_layers=2, sample_num=40, save_model=False, seed=2022, show_step=1, ssl_reg=0.1, temp=1, train_num=10000, verbose=1)
2024-06-22 17:16:11,054 - Epoch  0 [16.2s + 1.2s]: train==[10.87152=0.34712 + 0.00491 + 0.44762 + 10.07186], test-recall=[0.1267, 0.1842], test-ndcg=[0.0740, 0.0889]
2024-06-22 17:16:28,300 - Epoch  1 [15.9s + 1.3s]: train==[10.26527=0.06019 + 0.01397 + 0.39640 + 9.79472], test-recall=[0.1363, 0.1991], test-ndcg=[0.0801, 0.0964]
2024-06-22 17:16:45,412 - Epoch  2 [15.9s + 1.2s]: train==[10.21067=0.04546 + 0.01601 + 0.37766 + 9.77154], test-recall=[0.1443, 0.2083], test-ndcg=[0.0847, 0.1014]
2024-06-22 17:17:02,525 - Epoch  3 [15.9s + 1.2s]: train==[10.17847=0.04068 + 0.01682 + 0.35763 + 9.76334], test-recall=[0.1491, 0.2150], test-ndcg=[0.0879, 0.1050]
2024-06-22 17:17:19,552 - Epoch  4 [15.9s + 1.2s]: train==[10.15017=0.03601 + 0.01757 + 0.33837 + 9.75821], test-recall=[0.1533, 0.2205], test-ndcg=[0.0903, 0.1077]
2024-06-22 17:17:36,719 - Epoch  5 [15.9s + 1.2s]: train==[10.12779=0.03271 + 0.01824 + 0.32075 + 9.75609], test-recall=[0.1559, 0.2253], test-ndcg=[0.0920, 0.1100]
2024-06-22 17:17:53,844 - Epoch  6 [15.9s + 1.2s]: train==[10.10849=0.03100 + 0.01885 + 0.30476 + 9.75389], test-recall=[0.1583, 0.2287], test-ndcg=[0.0936, 0.1118]
2024-06-22 17:18:11,002 - Epoch  7 [16.0s + 1.2s]: train==[10.09001=0.02896 + 0.01933 + 0.29033 + 9.75139], test-recall=[0.1617, 0.2316], test-ndcg=[0.0952, 0.1133]
2024-06-22 17:18:28,181 - Epoch  8 [16.0s + 1.2s]: train==[10.07488=0.02714 + 0.01975 + 0.27746 + 9.75054], test-recall=[0.1635, 0.2327], test-ndcg=[0.0965, 0.1145]
2024-06-22 17:18:45,332 - Epoch  9 [16.0s + 1.2s]: train==[10.06153=0.02665 + 0.02013 + 0.26582 + 9.74894], test-recall=[0.1642, 0.2346], test-ndcg=[0.0973, 0.1155]
2024-06-22 17:19:02,502 - Epoch 10 [16.0s + 1.2s]: train==[10.04971=0.02565 + 0.02036 + 0.25534 + 9.74835], test-recall=[0.1662, 0.2353], test-ndcg=[0.0983, 0.1162]
2024-06-22 17:19:19,731 - Epoch 11 [16.0s + 1.2s]: train==[10.03827=0.02442 + 0.02062 + 0.24587 + 9.74735], test-recall=[0.1674, 0.2369], test-ndcg=[0.0988, 0.1168]
2024-06-22 17:19:37,411 - Epoch 12 [16.4s + 1.3s]: train==[10.02930=0.02437 + 0.02082 + 0.23726 + 9.74686], test-recall=[0.1678, 0.2379], test-ndcg=[0.0996, 0.1178]
2024-06-22 17:19:54,653 - Epoch 13 [16.1s + 1.2s]: train==[10.01908=0.02273 + 0.02099 + 0.22939 + 9.74596], test-recall=[0.1679, 0.2395], test-ndcg=[0.0999, 0.1185]
2024-06-22 17:20:11,777 - Epoch 14 [15.9s + 1.2s]: train==[10.01210=0.02228 + 0.02119 + 0.22221 + 9.74642], test-recall=[0.1704, 0.2413], test-ndcg=[0.1008, 0.1192]
2024-06-22 17:20:28,948 - Epoch 15 [16.0s + 1.2s]: train==[10.00564=0.02205 + 0.02135 + 0.21562 + 9.74661], test-recall=[0.1706, 0.2421], test-ndcg=[0.1013, 0.1198]
2024-06-22 17:20:46,198 - Epoch 16 [16.0s + 1.2s]: train==[9.99785=0.02108 + 0.02148 + 0.20956 + 9.74573], test-recall=[0.1715, 0.2437], test-ndcg=[0.1018, 0.1205]
2024-06-22 17:21:03,382 - Epoch 17 [16.0s + 1.2s]: train==[9.99125=0.02047 + 0.02160 + 0.20394 + 9.74524], test-recall=[0.1728, 0.2443], test-ndcg=[0.1024, 0.1209]
2024-06-22 17:21:20,594 - Epoch 18 [16.0s + 1.2s]: train==[9.98534=0.01995 + 0.02174 + 0.19872 + 9.74495], test-recall=[0.1736, 0.2459], test-ndcg=[0.1028, 0.1216]
2024-06-22 17:21:37,703 - Epoch 19 [15.9s + 1.2s]: train==[9.98112=0.02014 + 0.02182 + 0.19385 + 9.74531], test-recall=[0.1742, 0.2466], test-ndcg=[0.1037, 0.1225]
2024-06-22 17:21:54,762 - Epoch 20 [15.9s + 1.2s]: train==[9.97613=0.01935 + 0.02188 + 0.18932 + 9.74558], test-recall=[0.1734, 0.2470], test-ndcg=[0.1031, 0.1222]
2024-06-22 17:22:11,826 - Epoch 21 [15.9s + 1.2s]: train==[9.97161=0.01924 + 0.02201 + 0.18508 + 9.74527], test-recall=[0.1749, 0.2470], test-ndcg=[0.1042, 0.1229]
2024-06-22 17:22:28,896 - Epoch 22 [15.9s + 1.2s]: train==[9.96671=0.01849 + 0.02210 + 0.18112 + 9.74501], test-recall=[0.1759, 0.2487], test-ndcg=[0.1045, 0.1234]
2024-06-22 17:22:46,024 - Epoch 23 [15.9s + 1.2s]: train==[9.96155=0.01852 + 0.02216 + 0.17738 + 9.74350], test-recall=[0.1766, 0.2492], test-ndcg=[0.1050, 0.1239]
2024-06-22 17:23:03,307 - Epoch 24 [16.1s + 1.2s]: train==[9.95950=0.01847 + 0.02224 + 0.17385 + 9.74494], test-recall=[0.1767, 0.2504], test-ndcg=[0.1052, 0.1244]
2024-06-22 17:23:20,846 - Epoch 25 [16.3s + 1.2s]: train==[9.95483=0.01764 + 0.02226 + 0.17051 + 9.74442], test-recall=[0.1774, 0.2512], test-ndcg=[0.1057, 0.1248]
2024-06-22 17:23:38,123 - Epoch 26 [16.1s + 1.2s]: train==[9.95174=0.01773 + 0.02236 + 0.16736 + 9.74428], test-recall=[0.1779, 0.2528], test-ndcg=[0.1060, 0.1255]
2024-06-22 17:23:55,428 - Epoch 27 [16.1s + 1.2s]: train==[9.94982=0.01774 + 0.02242 + 0.16437 + 9.74529], test-recall=[0.1795, 0.2526], test-ndcg=[0.1062, 0.1252]
2024-06-22 17:24:12,860 - Epoch 28 [16.3s + 1.2s]: train==[9.94520=0.01725 + 0.02246 + 0.16153 + 9.74396], test-recall=[0.1795, 0.2525], test-ndcg=[0.1065, 0.1255]
2024-06-22 17:24:30,175 - Epoch 29 [16.1s + 1.2s]: train==[9.94317=0.01686 + 0.02251 + 0.15883 + 9.74496], test-recall=[0.1798, 0.2532], test-ndcg=[0.1067, 0.1258]
2024-06-22 17:24:47,490 - Epoch 30 [16.1s + 1.2s]: train==[9.94083=0.01658 + 0.02259 + 0.15626 + 9.74539], test-recall=[0.1797, 0.2534], test-ndcg=[0.1067, 0.1259]
2024-06-22 17:25:05,104 - Epoch 31 [16.4s + 1.2s]: train==[9.93832=0.01653 + 0.02266 + 0.15382 + 9.74532], test-recall=[0.1788, 0.2543], test-ndcg=[0.1065, 0.1262]
2024-06-22 17:25:22,384 - Epoch 32 [16.1s + 1.2s]: train==[9.93529=0.01598 + 0.02274 + 0.15148 + 9.74508], test-recall=[0.1804, 0.2548], test-ndcg=[0.1074, 0.1268]
2024-06-22 17:25:39,649 - Epoch 33 [16.0s + 1.2s]: train==[9.93278=0.01616 + 0.02278 + 0.14925 + 9.74459], test-recall=[0.1804, 0.2552], test-ndcg=[0.1075, 0.1270]
2024-06-22 17:25:57,242 - Epoch 34 [16.3s + 1.3s]: train==[9.93031=0.01595 + 0.02284 + 0.14711 + 9.74442], test-recall=[0.1807, 0.2550], test-ndcg=[0.1075, 0.1269]
2024-06-22 17:26:14,835 - Epoch 35 [16.3s + 1.3s]: train==[9.92866=0.01589 + 0.02291 + 0.14506 + 9.74479], test-recall=[0.1808, 0.2568], test-ndcg=[0.1074, 0.1271]
2024-06-22 17:26:32,342 - Epoch 36 [16.3s + 1.2s]: train==[9.92614=0.01612 + 0.02297 + 0.14310 + 9.74395], test-recall=[0.1817, 0.2578], test-ndcg=[0.1082, 0.1279]
2024-06-22 17:26:49,387 - Epoch 37 [15.9s + 1.2s]: train==[9.92428=0.01528 + 0.02297 + 0.14121 + 9.74482], test-recall=[0.1818, 0.2581], test-ndcg=[0.1085, 0.1283]
2024-06-22 17:27:06,473 - Epoch 38 [15.9s + 1.2s]: train==[9.92307=0.01534 + 0.02304 + 0.13940 + 9.74529], test-recall=[0.1818, 0.2563], test-ndcg=[0.1083, 0.1278]
2024-06-22 17:27:23,489 - Epoch 39 [15.9s + 1.2s]: train==[9.92040=0.01476 + 0.02307 + 0.13765 + 9.74492], test-recall=[0.1835, 0.2566], test-ndcg=[0.1092, 0.1283]
2024-06-22 17:27:40,589 - Epoch 40 [15.9s + 1.2s]: train==[9.91860=0.01466 + 0.02311 + 0.13596 + 9.74486], test-recall=[0.1847, 0.2576], test-ndcg=[0.1096, 0.1286]
2024-06-22 17:27:57,687 - Epoch 41 [15.9s + 1.2s]: train==[9.91820=0.01464 + 0.02315 + 0.13433 + 9.74608], test-recall=[0.1838, 0.2582], test-ndcg=[0.1090, 0.1284]
2024-06-22 17:28:14,807 - Epoch 42 [15.9s + 1.2s]: train==[9.91566=0.01450 + 0.02316 + 0.13277 + 9.74523], test-recall=[0.1838, 0.2579], test-ndcg=[0.1093, 0.1287]
2024-06-22 17:28:31,896 - Epoch 43 [15.9s + 1.2s]: train==[9.91511=0.01491 + 0.02319 + 0.13125 + 9.74576], test-recall=[0.1838, 0.2603], test-ndcg=[0.1094, 0.1293]
2024-06-22 17:28:48,997 - Epoch 44 [15.9s + 1.2s]: train==[9.91363=0.01454 + 0.02324 + 0.12980 + 9.74605], test-recall=[0.1835, 0.2602], test-ndcg=[0.1097, 0.1297]
2024-06-22 17:29:06,078 - Epoch 45 [15.9s + 1.2s]: train==[9.91067=0.01428 + 0.02328 + 0.12839 + 9.74473], test-recall=[0.1840, 0.2601], test-ndcg=[0.1096, 0.1295]
2024-06-22 17:29:23,156 - Epoch 46 [15.9s + 1.2s]: train==[9.91153=0.01436 + 0.02330 + 0.12702 + 9.74686], test-recall=[0.1841, 0.2608], test-ndcg=[0.1095, 0.1296]
2024-06-22 17:29:40,210 - Epoch 47 [15.9s + 1.2s]: train==[9.90991=0.01463 + 0.02334 + 0.12570 + 9.74624], test-recall=[0.1837, 0.2609], test-ndcg=[0.1092, 0.1294]
2024-06-22 17:29:57,296 - Epoch 48 [15.9s + 1.2s]: train==[9.90778=0.01361 + 0.02341 + 0.12442 + 9.74634], test-recall=[0.1839, 0.2605], test-ndcg=[0.1098, 0.1298]
2024-06-22 17:30:14,429 - Epoch 49 [15.9s + 1.2s]: train==[9.90727=0.01407 + 0.02350 + 0.12318 + 9.74653], test-recall=[0.1844, 0.2614], test-ndcg=[0.1102, 0.1302]
2024-06-22 17:30:31,547 - Epoch 50 [15.9s + 1.2s]: train==[9.90498=0.01346 + 0.02350 + 0.12197 + 9.74605], test-recall=[0.1847, 0.2611], test-ndcg=[0.1103, 0.1302]
2024-06-22 17:30:48,635 - Epoch 51 [15.9s + 1.2s]: train==[9.90425=0.01390 + 0.02357 + 0.12081 + 9.74598], test-recall=[0.1857, 0.2625], test-ndcg=[0.1106, 0.1306]
2024-06-22 17:31:05,696 - Epoch 52 [15.9s + 1.2s]: train==[9.90257=0.01372 + 0.02363 + 0.11967 + 9.74554], test-recall=[0.1860, 0.2618], test-ndcg=[0.1108, 0.1306]
2024-06-22 17:31:22,721 - Epoch 53 [15.9s + 1.2s]: train==[9.90288=0.01379 + 0.02367 + 0.11857 + 9.74685], test-recall=[0.1854, 0.2630], test-ndcg=[0.1107, 0.1309]
2024-06-22 17:31:39,805 - Epoch 54 [15.9s + 1.2s]: train==[9.90081=0.01324 + 0.02373 + 0.11749 + 9.74635], test-recall=[0.1867, 0.2624], test-ndcg=[0.1110, 0.1308]
2024-06-22 17:31:56,914 - Epoch 55 [15.9s + 1.2s]: train==[9.89997=0.01390 + 0.02376 + 0.11645 + 9.74586], test-recall=[0.1870, 0.2630], test-ndcg=[0.1114, 0.1313]
2024-06-22 17:32:13,983 - Epoch 56 [15.9s + 1.2s]: train==[9.89871=0.01320 + 0.02379 + 0.11543 + 9.74628], test-recall=[0.1869, 0.2632], test-ndcg=[0.1117, 0.1316]
2024-06-22 17:32:31,098 - Epoch 57 [15.9s + 1.2s]: train==[9.89794=0.01327 + 0.02385 + 0.11445 + 9.74637], test-recall=[0.1870, 0.2640], test-ndcg=[0.1113, 0.1314]
2024-06-22 17:32:48,234 - Epoch 58 [16.0s + 1.2s]: train==[9.89770=0.01322 + 0.02389 + 0.11349 + 9.74711], test-recall=[0.1877, 0.2649], test-ndcg=[0.1118, 0.1319]
2024-06-22 17:33:05,393 - Epoch 59 [16.0s + 1.2s]: train==[9.89637=0.01288 + 0.02393 + 0.11255 + 9.74701], test-recall=[0.1883, 0.2652], test-ndcg=[0.1119, 0.1320]
2024-06-22 17:33:22,517 - Epoch 60 [15.9s + 1.2s]: train==[9.89570=0.01275 + 0.02398 + 0.11164 + 9.74733], test-recall=[0.1881, 0.2647], test-ndcg=[0.1119, 0.1319]
2024-06-22 17:33:39,684 - Epoch 61 [16.0s + 1.2s]: train==[9.89531=0.01314 + 0.02402 + 0.11075 + 9.74741], test-recall=[0.1877, 0.2648], test-ndcg=[0.1118, 0.1318]
2024-06-22 17:33:56,831 - Epoch 62 [16.0s + 1.2s]: train==[9.89307=0.01273 + 0.02406 + 0.10988 + 9.74640], test-recall=[0.1881, 0.2651], test-ndcg=[0.1118, 0.1318]
2024-06-22 17:34:14,006 - Epoch 63 [16.0s + 1.2s]: train==[9.89402=0.01292 + 0.02411 + 0.10903 + 9.74796], test-recall=[0.1893, 0.2653], test-ndcg=[0.1126, 0.1324]
2024-06-22 17:34:31,193 - Epoch 64 [16.0s + 1.2s]: train==[9.89099=0.01256 + 0.02414 + 0.10820 + 9.74608], test-recall=[0.1902, 0.2666], test-ndcg=[0.1127, 0.1326]
2024-06-22 17:34:48,309 - Epoch 65 [15.9s + 1.2s]: train==[9.89288=0.01288 + 0.02416 + 0.10739 + 9.74845], test-recall=[0.1900, 0.2673], test-ndcg=[0.1131, 0.1333]
2024-06-22 17:35:05,427 - Epoch 66 [15.9s + 1.2s]: train==[9.89084=0.01240 + 0.02422 + 0.10660 + 9.74762], test-recall=[0.1895, 0.2674], test-ndcg=[0.1128, 0.1332]
2024-06-22 17:35:22,483 - Epoch 67 [15.9s + 1.2s]: train==[9.88945=0.01213 + 0.02423 + 0.10583 + 9.74726], test-recall=[0.1892, 0.2667], test-ndcg=[0.1127, 0.1329]
2024-06-22 17:35:39,609 - Epoch 68 [16.0s + 1.2s]: train==[9.88953=0.01269 + 0.02426 + 0.10507 + 9.74750], test-recall=[0.1884, 0.2655], test-ndcg=[0.1127, 0.1327]
2024-06-22 17:35:56,740 - Epoch 69 [16.0s + 1.2s]: train==[9.88894=0.01230 + 0.02431 + 0.10433 + 9.74800], test-recall=[0.1887, 0.2657], test-ndcg=[0.1127, 0.1328]
2024-06-22 17:36:13,827 - Epoch 70 [15.9s + 1.2s]: train==[9.88805=0.01258 + 0.02433 + 0.10361 + 9.74753], test-recall=[0.1902, 0.2659], test-ndcg=[0.1130, 0.1328]
2024-06-22 17:36:30,951 - Epoch 71 [15.9s + 1.2s]: train==[9.88824=0.01223 + 0.02435 + 0.10291 + 9.74875], test-recall=[0.1893, 0.2657], test-ndcg=[0.1125, 0.1324]
2024-06-22 17:36:48,058 - Epoch 72 [15.9s + 1.2s]: train==[9.88693=0.01237 + 0.02442 + 0.10222 + 9.74791], test-recall=[0.1900, 0.2669], test-ndcg=[0.1127, 0.1328]
2024-06-22 17:37:05,089 - Epoch 73 [15.9s + 1.2s]: train==[9.88623=0.01230 + 0.02445 + 0.10155 + 9.74793], test-recall=[0.1896, 0.2668], test-ndcg=[0.1125, 0.1327]
2024-06-22 17:37:22,127 - Epoch 74 [15.9s + 1.2s]: train==[9.88585=0.01230 + 0.02450 + 0.10089 + 9.74816], test-recall=[0.1897, 0.2678], test-ndcg=[0.1131, 0.1335]
2024-06-22 17:37:39,184 - Epoch 75 [15.9s + 1.2s]: train==[9.88427=0.01161 + 0.02454 + 0.10024 + 9.74788], test-recall=[0.1896, 0.2686], test-ndcg=[0.1133, 0.1339]
2024-06-22 17:37:56,287 - Epoch 76 [15.9s + 1.2s]: train==[9.88502=0.01243 + 0.02457 + 0.09961 + 9.74841], test-recall=[0.1910, 0.2672], test-ndcg=[0.1140, 0.1339]
2024-06-22 17:38:13,492 - Epoch 77 [16.0s + 1.2s]: train==[9.88380=0.01202 + 0.02460 + 0.09899 + 9.74819], test-recall=[0.1905, 0.2682], test-ndcg=[0.1139, 0.1341]
2024-06-22 17:38:30,760 - Epoch 78 [16.1s + 1.2s]: train==[9.88207=0.01192 + 0.02461 + 0.09838 + 9.74717], test-recall=[0.1915, 0.2689], test-ndcg=[0.1140, 0.1341]
2024-06-22 17:38:48,030 - Epoch 79 [16.1s + 1.2s]: train==[9.88252=0.01200 + 0.02465 + 0.09778 + 9.74808], test-recall=[0.1907, 0.2686], test-ndcg=[0.1143, 0.1345]
2024-06-22 17:39:05,294 - Epoch 80 [16.1s + 1.2s]: train==[9.88260=0.01181 + 0.02473 + 0.09720 + 9.74886], test-recall=[0.1920, 0.2694], test-ndcg=[0.1144, 0.1346]
2024-06-22 17:39:22,573 - Epoch 81 [16.0s + 1.2s]: train==[9.88145=0.01195 + 0.02475 + 0.09662 + 9.74813], test-recall=[0.1918, 0.2688], test-ndcg=[0.1144, 0.1345]
2024-06-22 17:39:40,191 - Epoch 82 [16.4s + 1.2s]: train==[9.88136=0.01147 + 0.02477 + 0.09606 + 9.74905], test-recall=[0.1909, 0.2684], test-ndcg=[0.1141, 0.1344]
2024-06-22 17:39:57,495 - Epoch 83 [16.0s + 1.3s]: train==[9.88083=0.01151 + 0.02483 + 0.09550 + 9.74898], test-recall=[0.1920, 0.2697], test-ndcg=[0.1144, 0.1347]
2024-06-22 17:40:14,812 - Epoch 84 [16.0s + 1.3s]: train==[9.88118=0.01192 + 0.02485 + 0.09496 + 9.74945], test-recall=[0.1918, 0.2694], test-ndcg=[0.1144, 0.1347]
2024-06-22 17:40:32,439 - Epoch 85 [16.1s + 1.6s]: train==[9.88000=0.01148 + 0.02491 + 0.09443 + 9.74918], test-recall=[0.1915, 0.2694], test-ndcg=[0.1143, 0.1347]
2024-06-22 17:40:49,724 - Epoch 86 [16.0s + 1.2s]: train==[9.87971=0.01177 + 0.02493 + 0.09391 + 9.74911], test-recall=[0.1913, 0.2701], test-ndcg=[0.1149, 0.1354]
2024-06-22 17:41:06,952 - Epoch 87 [16.0s + 1.2s]: train==[9.87902=0.01202 + 0.02498 + 0.09339 + 9.74863], test-recall=[0.1911, 0.2687], test-ndcg=[0.1147, 0.1350]
2024-06-22 17:41:24,209 - Epoch 88 [16.1s + 1.2s]: train==[9.87881=0.01152 + 0.02500 + 0.09289 + 9.74939], test-recall=[0.1911, 0.2699], test-ndcg=[0.1146, 0.1350]
2024-06-22 17:41:41,451 - Epoch 89 [16.1s + 1.2s]: train==[9.87840=0.01122 + 0.02507 + 0.09239 + 9.74972], test-recall=[0.1918, 0.2710], test-ndcg=[0.1148, 0.1354]
2024-06-22 17:41:58,453 - Epoch 90 [15.8s + 1.2s]: train==[9.87802=0.01125 + 0.02508 + 0.09191 + 9.74979], test-recall=[0.1934, 0.2723], test-ndcg=[0.1148, 0.1353]
2024-06-22 17:42:15,537 - Epoch 91 [15.9s + 1.2s]: train==[9.87781=0.01144 + 0.02514 + 0.09143 + 9.74981], test-recall=[0.1918, 0.2715], test-ndcg=[0.1143, 0.1351]
2024-06-22 17:42:32,605 - Epoch 92 [15.9s + 1.2s]: train==[9.87703=0.01139 + 0.02514 + 0.09096 + 9.74955], test-recall=[0.1927, 0.2704], test-ndcg=[0.1148, 0.1351]
2024-06-22 17:42:49,639 - Epoch 93 [15.9s + 1.2s]: train==[9.87668=0.01123 + 0.02520 + 0.09049 + 9.74976], test-recall=[0.1931, 0.2712], test-ndcg=[0.1150, 0.1353]
2024-06-22 17:43:06,723 - Epoch 94 [15.9s + 1.2s]: train==[9.87733=0.01161 + 0.02526 + 0.09004 + 9.75042], test-recall=[0.1927, 0.2709], test-ndcg=[0.1149, 0.1352]
2024-06-22 17:43:23,802 - Epoch 95 [15.9s + 1.2s]: train==[9.87536=0.01078 + 0.02526 + 0.08959 + 9.74972], test-recall=[0.1924, 0.2718], test-ndcg=[0.1152, 0.1359]
2024-06-22 17:43:40,856 - Epoch 96 [15.9s + 1.2s]: train==[9.87473=0.01076 + 0.02534 + 0.08916 + 9.74947], test-recall=[0.1927, 0.2721], test-ndcg=[0.1153, 0.1359]
2024-06-22 17:43:57,897 - Epoch 97 [15.9s + 1.2s]: train==[9.87536=0.01157 + 0.02534 + 0.08872 + 9.74972], test-recall=[0.1927, 0.2710], test-ndcg=[0.1152, 0.1356]
2024-06-22 17:44:14,978 - Epoch 98 [15.9s + 1.2s]: train==[9.87413=0.01093 + 0.02536 + 0.08830 + 9.74954], test-recall=[0.1927, 0.2712], test-ndcg=[0.1152, 0.1357]
2024-06-22 17:44:32,037 - Epoch 99 [15.9s + 1.2s]: train==[9.87376=0.01105 + 0.02542 + 0.08788 + 9.74940], test-recall=[0.1924, 0.2712], test-ndcg=[0.1154, 0.1359]
2024-06-22 17:44:49,073 - Epoch 100 [15.9s + 1.2s]: train==[9.87464=0.01120 + 0.02547 + 0.08747 + 9.75050], test-recall=[0.1920, 0.2709], test-ndcg=[0.1150, 0.1355]
2024-06-22 17:45:06,111 - Epoch 101 [15.9s + 1.2s]: train==[9.87382=0.01187 + 0.02553 + 0.08706 + 9.74936], test-recall=[0.1915, 0.2708], test-ndcg=[0.1146, 0.1354]
2024-06-22 17:45:23,119 - Epoch 102 [15.8s + 1.2s]: train==[9.87330=0.01079 + 0.02555 + 0.08666 + 9.75030], test-recall=[0.1919, 0.2708], test-ndcg=[0.1150, 0.1356]
2024-06-22 17:45:40,182 - Epoch 103 [15.9s + 1.2s]: train==[9.87349=0.01077 + 0.02559 + 0.08627 + 9.75086], test-recall=[0.1929, 0.2703], test-ndcg=[0.1152, 0.1354]
2024-06-22 17:45:57,309 - Epoch 104 [16.0s + 1.2s]: train==[9.87244=0.01107 + 0.02560 + 0.08588 + 9.74990], test-recall=[0.1927, 0.2718], test-ndcg=[0.1153, 0.1359]
2024-06-22 17:46:14,492 - Epoch 105 [16.0s + 1.2s]: train==[9.87289=0.01118 + 0.02562 + 0.08550 + 9.75060], test-recall=[0.1928, 0.2719], test-ndcg=[0.1154, 0.1360]
2024-06-22 17:46:31,564 - Epoch 106 [15.9s + 1.2s]: train==[9.87102=0.01062 + 0.02563 + 0.08512 + 9.74965], test-recall=[0.1934, 0.2726], test-ndcg=[0.1156, 0.1362]
2024-06-22 17:46:48,748 - Epoch 107 [16.0s + 1.2s]: train==[9.87276=0.01110 + 0.02570 + 0.08475 + 9.75121], test-recall=[0.1938, 0.2712], test-ndcg=[0.1159, 0.1362]
2024-06-22 17:47:05,814 - Epoch 108 [15.9s + 1.2s]: train==[9.87172=0.01086 + 0.02574 + 0.08439 + 9.75073], test-recall=[0.1943, 0.2715], test-ndcg=[0.1159, 0.1361]
2024-06-22 17:47:23,020 - Epoch 109 [15.9s + 1.3s]: train==[9.87128=0.01074 + 0.02579 + 0.08403 + 9.75072], test-recall=[0.1946, 0.2719], test-ndcg=[0.1164, 0.1367]
2024-06-22 17:47:40,056 - Epoch 110 [15.9s + 1.2s]: train==[9.87140=0.01074 + 0.02580 + 0.08368 + 9.75117], test-recall=[0.1942, 0.2712], test-ndcg=[0.1163, 0.1364]
2024-06-22 17:47:57,131 - Epoch 111 [15.9s + 1.2s]: train==[9.87156=0.01060 + 0.02586 + 0.08333 + 9.75177], test-recall=[0.1935, 0.2714], test-ndcg=[0.1165, 0.1368]
2024-06-22 17:48:14,216 - Epoch 112 [15.9s + 1.2s]: train==[9.86970=0.01052 + 0.02587 + 0.08299 + 9.75032], test-recall=[0.1938, 0.2732], test-ndcg=[0.1164, 0.1370]
2024-06-22 17:48:31,370 - Epoch 113 [16.0s + 1.2s]: train==[9.87011=0.01056 + 0.02592 + 0.08265 + 9.75098], test-recall=[0.1942, 0.2722], test-ndcg=[0.1161, 0.1364]
2024-06-22 17:48:48,423 - Epoch 114 [15.9s + 1.2s]: train==[9.86943=0.01107 + 0.02596 + 0.08232 + 9.75008], test-recall=[0.1933, 0.2720], test-ndcg=[0.1157, 0.1362]
2024-06-22 17:49:05,457 - Epoch 115 [15.9s + 1.2s]: train==[9.87021=0.01106 + 0.02599 + 0.08199 + 9.75116], test-recall=[0.1927, 0.2724], test-ndcg=[0.1157, 0.1364]
2024-06-22 17:49:22,506 - Epoch 116 [15.9s + 1.2s]: train==[9.86949=0.01097 + 0.02603 + 0.08167 + 9.75082], test-recall=[0.1932, 0.2726], test-ndcg=[0.1158, 0.1365]
2024-06-22 17:49:39,604 - Epoch 117 [15.9s + 1.2s]: train==[9.87018=0.01063 + 0.02609 + 0.08135 + 9.75210], test-recall=[0.1933, 0.2725], test-ndcg=[0.1159, 0.1366]
2024-06-22 17:49:56,615 - Epoch 118 [15.8s + 1.2s]: train==[9.86847=0.01059 + 0.02612 + 0.08104 + 9.75073], test-recall=[0.1946, 0.2719], test-ndcg=[0.1160, 0.1362]
2024-06-22 17:50:13,663 - Epoch 119 [15.9s + 1.2s]: train==[9.86885=0.01084 + 0.02615 + 0.08073 + 9.75114], test-recall=[0.1945, 0.2708], test-ndcg=[0.1159, 0.1359]
2024-06-22 17:50:30,715 - Epoch 120 [15.9s + 1.2s]: train==[9.86926=0.01103 + 0.02618 + 0.08042 + 9.75164], test-recall=[0.1940, 0.2714], test-ndcg=[0.1158, 0.1361]
2024-06-22 17:50:47,794 - Epoch 121 [15.9s + 1.2s]: train==[9.86784=0.01054 + 0.02619 + 0.08012 + 9.75100], test-recall=[0.1938, 0.2714], test-ndcg=[0.1160, 0.1364]
2024-06-22 17:51:04,870 - Epoch 122 [15.9s + 1.2s]: train==[9.86788=0.01063 + 0.02621 + 0.07982 + 9.75122], test-recall=[0.1940, 0.2712], test-ndcg=[0.1162, 0.1364]
2024-06-22 17:51:21,872 - Epoch 123 [15.8s + 1.2s]: train==[9.86785=0.01048 + 0.02626 + 0.07953 + 9.75159], test-recall=[0.1945, 0.2725], test-ndcg=[0.1162, 0.1365]
2024-06-22 17:51:38,872 - Epoch 124 [15.8s + 1.2s]: train==[9.86861=0.01064 + 0.02630 + 0.07923 + 9.75244], test-recall=[0.1944, 0.2721], test-ndcg=[0.1165, 0.1368]
2024-06-22 17:51:55,901 - Epoch 125 [15.9s + 1.2s]: train==[9.86740=0.01068 + 0.02633 + 0.07895 + 9.75144], test-recall=[0.1953, 0.2730], test-ndcg=[0.1168, 0.1371]
2024-06-22 17:52:12,888 - Epoch 126 [15.8s + 1.2s]: train==[9.86786=0.01068 + 0.02640 + 0.07867 + 9.75211], test-recall=[0.1944, 0.2739], test-ndcg=[0.1166, 0.1373]
2024-06-22 17:52:29,922 - Epoch 127 [15.9s + 1.2s]: train==[9.86749=0.01062 + 0.02640 + 0.07839 + 9.75208], test-recall=[0.1936, 0.2731], test-ndcg=[0.1162, 0.1370]
2024-06-22 17:52:46,940 - Epoch 128 [15.8s + 1.2s]: train==[9.86762=0.01061 + 0.02643 + 0.07811 + 9.75246], test-recall=[0.1952, 0.2730], test-ndcg=[0.1170, 0.1373]
2024-06-22 17:53:04,005 - Epoch 129 [15.9s + 1.1s]: train==[9.86623=0.01056 + 0.02648 + 0.07784 + 9.75135], test-recall=[0.1949, 0.2730], test-ndcg=[0.1168, 0.1372]
2024-06-22 17:53:21,098 - Epoch 130 [15.9s + 1.2s]: train==[9.86641=0.01026 + 0.02649 + 0.07758 + 9.75209], test-recall=[0.1954, 0.2740], test-ndcg=[0.1170, 0.1375]
2024-06-22 17:53:38,151 - Epoch 131 [15.9s + 1.2s]: train==[9.86606=0.01010 + 0.02651 + 0.07731 + 9.75213], test-recall=[0.1963, 0.2755], test-ndcg=[0.1170, 0.1376]
2024-06-22 17:53:55,164 - Epoch 132 [15.9s + 1.2s]: train==[9.86509=0.01096 + 0.02654 + 0.07705 + 9.75054], test-recall=[0.1946, 0.2738], test-ndcg=[0.1162, 0.1369]
2024-06-22 17:54:12,159 - Epoch 133 [15.8s + 1.1s]: train==[9.86647=0.01025 + 0.02654 + 0.07679 + 9.75289], test-recall=[0.1953, 0.2735], test-ndcg=[0.1165, 0.1370]
2024-06-22 17:54:29,120 - Epoch 134 [15.8s + 1.2s]: train==[9.86519=0.01035 + 0.02661 + 0.07653 + 9.75170], test-recall=[0.1966, 0.2740], test-ndcg=[0.1167, 0.1370]
2024-06-22 17:54:46,145 - Epoch 135 [15.9s + 1.2s]: train==[9.86643=0.01034 + 0.02664 + 0.07628 + 9.75317], test-recall=[0.1970, 0.2742], test-ndcg=[0.1171, 0.1373]
2024-06-22 17:55:03,176 - Epoch 136 [15.9s + 1.2s]: train==[9.86601=0.01007 + 0.02668 + 0.07603 + 9.75323], test-recall=[0.1963, 0.2731], test-ndcg=[0.1168, 0.1370]
2024-06-22 17:55:20,183 - Epoch 137 [15.8s + 1.2s]: train==[9.86550=0.01065 + 0.02672 + 0.07579 + 9.75235], test-recall=[0.1958, 0.2727], test-ndcg=[0.1173, 0.1374]
2024-06-22 17:55:37,188 - Epoch 138 [15.9s + 1.1s]: train==[9.86450=0.01014 + 0.02671 + 0.07554 + 9.75211], test-recall=[0.1953, 0.2724], test-ndcg=[0.1168, 0.1371]
2024-06-22 17:55:54,200 - Epoch 139 [15.9s + 1.2s]: train==[9.86563=0.01017 + 0.02673 + 0.07530 + 9.75343], test-recall=[0.1954, 0.2728], test-ndcg=[0.1167, 0.1370]
2024-06-22 17:56:11,234 - Epoch 140 [15.9s + 1.2s]: train==[9.86491=0.00997 + 0.02678 + 0.07507 + 9.75309], test-recall=[0.1955, 0.2736], test-ndcg=[0.1171, 0.1375]
2024-06-22 17:56:28,239 - Epoch 141 [15.8s + 1.2s]: train==[9.86376=0.01012 + 0.02683 + 0.07483 + 9.75198], test-recall=[0.1950, 0.2728], test-ndcg=[0.1170, 0.1373]
2024-06-22 17:56:45,227 - Epoch 142 [15.8s + 1.2s]: train==[9.86481=0.01015 + 0.02685 + 0.07460 + 9.75320], test-recall=[0.1956, 0.2738], test-ndcg=[0.1172, 0.1377]
2024-06-22 17:57:02,238 - Epoch 143 [15.9s + 1.2s]: train==[9.86347=0.01000 + 0.02687 + 0.07437 + 9.75222], test-recall=[0.1963, 0.2736], test-ndcg=[0.1174, 0.1377]
2024-06-22 17:57:19,242 - Epoch 144 [15.8s + 1.2s]: train==[9.86400=0.01048 + 0.02692 + 0.07415 + 9.75245], test-recall=[0.1949, 0.2736], test-ndcg=[0.1168, 0.1374]
2024-06-22 17:57:36,277 - Epoch 145 [15.9s + 1.2s]: train==[9.86344=0.01019 + 0.02694 + 0.07392 + 9.75239], test-recall=[0.1956, 0.2739], test-ndcg=[0.1172, 0.1377]
2024-06-22 17:57:53,297 - Epoch 146 [15.8s + 1.2s]: train==[9.86327=0.00987 + 0.02697 + 0.07370 + 9.75272], test-recall=[0.1970, 0.2751], test-ndcg=[0.1177, 0.1382]
2024-06-22 17:58:10,266 - Epoch 147 [15.8s + 1.1s]: train==[9.86431=0.01014 + 0.02701 + 0.07348 + 9.75367], test-recall=[0.1963, 0.2756], test-ndcg=[0.1181, 0.1388]
2024-06-22 17:58:27,237 - Epoch 148 [15.8s + 1.2s]: train==[9.86464=0.01037 + 0.02701 + 0.07327 + 9.75399], test-recall=[0.1971, 0.2761], test-ndcg=[0.1187, 0.1394]
2024-06-22 17:58:44,217 - Epoch 149 [15.8s + 1.1s]: train==[9.86365=0.01005 + 0.02707 + 0.07306 + 9.75348], test-recall=[0.1977, 0.2762], test-ndcg=[0.1190, 0.1395]
2024-06-22 17:59:01,293 - Epoch 150 [15.9s + 1.2s]: train==[9.86326=0.00995 + 0.02712 + 0.07285 + 9.75335], test-recall=[0.1975, 0.2761], test-ndcg=[0.1185, 0.1391]
2024-06-22 17:59:18,308 - Epoch 151 [15.9s + 1.1s]: train==[9.86369=0.01017 + 0.02715 + 0.07264 + 9.75374], test-recall=[0.1973, 0.2754], test-ndcg=[0.1183, 0.1387]
2024-06-22 17:59:35,408 - Epoch 152 [15.9s + 1.2s]: train==[9.86348=0.01012 + 0.02718 + 0.07243 + 9.75375], test-recall=[0.1967, 0.2743], test-ndcg=[0.1182, 0.1385]
2024-06-22 17:59:52,399 - Epoch 153 [15.8s + 1.2s]: train==[9.86260=0.00971 + 0.02720 + 0.07223 + 9.75347], test-recall=[0.1965, 0.2752], test-ndcg=[0.1186, 0.1392]
2024-06-22 18:00:09,393 - Epoch 154 [15.8s + 1.1s]: train==[9.86286=0.01038 + 0.02723 + 0.07203 + 9.75322], test-recall=[0.1962, 0.2752], test-ndcg=[0.1181, 0.1387]
2024-06-22 18:00:26,422 - Epoch 155 [15.9s + 1.2s]: train==[9.86325=0.01024 + 0.02728 + 0.07183 + 9.75391], test-recall=[0.1957, 0.2743], test-ndcg=[0.1179, 0.1385]
2024-06-22 18:00:43,419 - Epoch 156 [15.8s + 1.1s]: train==[9.86131=0.01019 + 0.02728 + 0.07163 + 9.75220], test-recall=[0.1949, 0.2742], test-ndcg=[0.1178, 0.1385]
2024-06-22 18:01:00,502 - Epoch 157 [15.9s + 1.2s]: train==[9.86307=0.01010 + 0.02733 + 0.07144 + 9.75420], test-recall=[0.1958, 0.2741], test-ndcg=[0.1179, 0.1383]
2024-06-22 18:01:17,503 - Epoch 158 [15.8s + 1.2s]: train==[9.86221=0.01017 + 0.02737 + 0.07125 + 9.75342], test-recall=[0.1960, 0.2743], test-ndcg=[0.1182, 0.1387]
2024-06-22 18:01:34,507 - Epoch 159 [15.8s + 1.2s]: train==[9.86166=0.00963 + 0.02742 + 0.07105 + 9.75356], test-recall=[0.1958, 0.2749], test-ndcg=[0.1179, 0.1387]
2024-06-22 18:01:51,498 - Epoch 160 [15.8s + 1.2s]: train==[9.86223=0.01005 + 0.02746 + 0.07086 + 9.75386], test-recall=[0.1955, 0.2737], test-ndcg=[0.1173, 0.1378]
2024-06-22 18:02:08,452 - Epoch 161 [15.8s + 1.2s]: train==[9.86183=0.00949 + 0.02743 + 0.07068 + 9.75423], test-recall=[0.1966, 0.2747], test-ndcg=[0.1183, 0.1387]
2024-06-22 18:02:25,460 - Epoch 162 [15.8s + 1.2s]: train==[9.86233=0.00966 + 0.02745 + 0.07049 + 9.75473], test-recall=[0.1966, 0.2741], test-ndcg=[0.1183, 0.1386]
2024-06-22 18:02:42,472 - Epoch 163 [15.8s + 1.2s]: train==[9.86126=0.00938 + 0.02748 + 0.07031 + 9.75409], test-recall=[0.1965, 0.2747], test-ndcg=[0.1182, 0.1386]
2024-06-22 18:02:59,489 - Epoch 164 [15.9s + 1.1s]: train==[9.86233=0.01021 + 0.02752 + 0.07013 + 9.75446], test-recall=[0.1963, 0.2744], test-ndcg=[0.1184, 0.1389]
2024-06-22 18:03:16,497 - Epoch 165 [15.8s + 1.2s]: train==[9.86117=0.00986 + 0.02754 + 0.06996 + 9.75381], test-recall=[0.1977, 0.2753], test-ndcg=[0.1188, 0.1392]
2024-06-22 18:03:33,517 - Epoch 166 [15.9s + 1.2s]: train==[9.86138=0.00985 + 0.02755 + 0.06978 + 9.75420], test-recall=[0.1980, 0.2750], test-ndcg=[0.1191, 0.1393]
2024-06-22 18:03:50,524 - Epoch 167 [15.8s + 1.2s]: train==[9.86222=0.01056 + 0.02757 + 0.06960 + 9.75449], test-recall=[0.1969, 0.2746], test-ndcg=[0.1189, 0.1393]
2024-06-22 18:04:07,528 - Epoch 168 [15.8s + 1.2s]: train==[9.86118=0.00952 + 0.02761 + 0.06943 + 9.75462], test-recall=[0.1977, 0.2752], test-ndcg=[0.1191, 0.1394]
2024-06-22 18:04:24,542 - Epoch 169 [15.9s + 1.2s]: train==[9.86140=0.00977 + 0.02763 + 0.06926 + 9.75475], test-recall=[0.1977, 0.2755], test-ndcg=[0.1188, 0.1392]
2024-06-22 18:04:41,536 - Epoch 170 [15.8s + 1.2s]: train==[9.86143=0.00979 + 0.02765 + 0.06909 + 9.75489], test-recall=[0.1974, 0.2753], test-ndcg=[0.1184, 0.1389]
2024-06-22 18:04:58,608 - Epoch 171 [15.9s + 1.2s]: train==[9.86161=0.00991 + 0.02768 + 0.06892 + 9.75509], test-recall=[0.1969, 0.2751], test-ndcg=[0.1179, 0.1385]
2024-06-22 18:05:15,704 - Epoch 172 [15.9s + 1.2s]: train==[9.85996=0.00949 + 0.02769 + 0.06876 + 9.75403], test-recall=[0.1976, 0.2757], test-ndcg=[0.1183, 0.1389]
2024-06-22 18:05:32,778 - Epoch 173 [15.9s + 1.2s]: train==[9.86022=0.01016 + 0.02774 + 0.06859 + 9.75372], test-recall=[0.1970, 0.2759], test-ndcg=[0.1182, 0.1388]
2024-06-22 18:05:49,884 - Epoch 174 [15.9s + 1.2s]: train==[9.85944=0.00946 + 0.02777 + 0.06843 + 9.75377], test-recall=[0.1969, 0.2746], test-ndcg=[0.1185, 0.1389]
2024-06-22 18:06:06,918 - Epoch 175 [15.9s + 1.2s]: train==[9.86051=0.01004 + 0.02780 + 0.06827 + 9.75440], test-recall=[0.1964, 0.2742], test-ndcg=[0.1179, 0.1382]
2024-06-22 18:06:23,939 - Epoch 176 [15.9s + 1.2s]: train==[9.86075=0.00995 + 0.02784 + 0.06811 + 9.75484], test-recall=[0.1964, 0.2746], test-ndcg=[0.1181, 0.1385]
2024-06-22 18:06:41,019 - Epoch 177 [15.9s + 1.2s]: train==[9.85957=0.00996 + 0.02785 + 0.06795 + 9.75381], test-recall=[0.1970, 0.2751], test-ndcg=[0.1182, 0.1386]
2024-06-22 18:06:58,108 - Epoch 178 [15.9s + 1.2s]: train==[9.86006=0.00980 + 0.02787 + 0.06780 + 9.75459], test-recall=[0.1975, 0.2752], test-ndcg=[0.1181, 0.1384]
2024-06-22 18:07:15,108 - Epoch 179 [15.8s + 1.2s]: train==[9.85970=0.00983 + 0.02791 + 0.06764 + 9.75431], test-recall=[0.1964, 0.2755], test-ndcg=[0.1177, 0.1384]
2024-06-22 18:07:32,119 - Epoch 180 [15.8s + 1.2s]: train==[9.86076=0.00982 + 0.02796 + 0.06749 + 9.75549], test-recall=[0.1979, 0.2749], test-ndcg=[0.1184, 0.1386]
2024-06-22 18:07:49,090 - Epoch 181 [15.8s + 1.2s]: train==[9.85913=0.00963 + 0.02798 + 0.06734 + 9.75418], test-recall=[0.1975, 0.2748], test-ndcg=[0.1183, 0.1386]
2024-06-22 18:08:06,085 - Epoch 182 [15.8s + 1.2s]: train==[9.85864=0.00951 + 0.02801 + 0.06719 + 9.75394], test-recall=[0.1975, 0.2758], test-ndcg=[0.1184, 0.1390]
2024-06-22 18:08:23,079 - Epoch 183 [15.8s + 1.2s]: train==[9.85913=0.00987 + 0.02802 + 0.06704 + 9.75420], test-recall=[0.1976, 0.2756], test-ndcg=[0.1185, 0.1390]
2024-06-22 18:08:40,143 - Epoch 184 [15.9s + 1.1s]: train==[9.85848=0.00974 + 0.02805 + 0.06689 + 9.75380], test-recall=[0.1975, 0.2746], test-ndcg=[0.1186, 0.1389]
2024-06-22 18:08:57,298 - Epoch 185 [16.0s + 1.2s]: train==[9.85974=0.01004 + 0.02806 + 0.06675 + 9.75488], test-recall=[0.1967, 0.2735], test-ndcg=[0.1180, 0.1382]
2024-06-22 18:09:14,285 - Epoch 186 [15.8s + 1.1s]: train==[9.85869=0.00918 + 0.02806 + 0.06660 + 9.75484], test-recall=[0.1977, 0.2743], test-ndcg=[0.1182, 0.1383]
2024-06-22 18:09:31,335 - Epoch 187 [15.9s + 1.2s]: train==[9.85908=0.00950 + 0.02810 + 0.06646 + 9.75501], test-recall=[0.1975, 0.2745], test-ndcg=[0.1183, 0.1385]
2024-06-22 18:09:48,325 - Epoch 188 [15.8s + 1.2s]: train==[9.85994=0.00982 + 0.02812 + 0.06632 + 9.75568], test-recall=[0.1976, 0.2757], test-ndcg=[0.1189, 0.1394]
2024-06-22 18:10:05,370 - Epoch 189 [15.9s + 1.2s]: train==[9.85835=0.00933 + 0.02814 + 0.06618 + 9.75470], test-recall=[0.1985, 0.2750], test-ndcg=[0.1193, 0.1393]
2024-06-22 18:10:22,355 - Epoch 190 [15.8s + 1.2s]: train==[9.85791=0.00957 + 0.02816 + 0.06604 + 9.75414], test-recall=[0.1976, 0.2756], test-ndcg=[0.1189, 0.1394]
2024-06-22 18:10:39,424 - Epoch 191 [15.9s + 1.2s]: train==[9.85845=0.00938 + 0.02816 + 0.06591 + 9.75500], test-recall=[0.1983, 0.2752], test-ndcg=[0.1193, 0.1395]
2024-06-22 18:10:56,467 - Epoch 192 [15.9s + 1.2s]: train==[9.85874=0.00959 + 0.02819 + 0.06577 + 9.75518], test-recall=[0.1972, 0.2748], test-ndcg=[0.1186, 0.1391]
2024-06-22 18:11:13,493 - Epoch 193 [15.9s + 1.1s]: train==[9.85881=0.00989 + 0.02820 + 0.06564 + 9.75508], test-recall=[0.1977, 0.2747], test-ndcg=[0.1189, 0.1390]
2024-06-22 18:11:30,493 - Epoch 194 [15.8s + 1.2s]: train==[9.85821=0.00941 + 0.02827 + 0.06551 + 9.75503], test-recall=[0.1973, 0.2757], test-ndcg=[0.1186, 0.1391]
2024-06-22 18:11:47,511 - Epoch 195 [15.9s + 1.2s]: train==[9.85816=0.00977 + 0.02828 + 0.06537 + 9.75474], test-recall=[0.1974, 0.2754], test-ndcg=[0.1188, 0.1392]
2024-06-22 18:12:04,524 - Epoch 196 [15.9s + 1.2s]: train==[9.85859=0.00945 + 0.02832 + 0.06524 + 9.75557], test-recall=[0.1978, 0.2746], test-ndcg=[0.1187, 0.1389]
2024-06-22 18:12:21,594 - Epoch 197 [15.9s + 1.2s]: train==[9.85884=0.00975 + 0.02833 + 0.06512 + 9.75564], test-recall=[0.1975, 0.2752], test-ndcg=[0.1186, 0.1388]
2024-06-22 18:12:38,569 - Epoch 198 [15.8s + 1.2s]: train==[9.85804=0.00936 + 0.02836 + 0.06499 + 9.75534], test-recall=[0.1982, 0.2759], test-ndcg=[0.1192, 0.1395]
2024-06-22 18:12:55,560 - Epoch 199 [15.8s + 1.2s]: train==[9.85854=0.00970 + 0.02838 + 0.06486 + 9.75561], test-recall=[0.1985, 0.2762], test-ndcg=[0.1193, 0.1396]
2024-06-22 18:12:56,704 - Final Test Set Result: test-recall=[0.1982, 0.2752], test-ndcg=[0.1193, 0.1396]