2024-06-23 12:38:49,855 - n_users=47939, n_items=41390	n_interactions=2619389	n_train=2357450, n_test=261939, sparsity=0.00119
2024-06-23 12:38:49,856 - Namespace(Ks='[20, 40]', batch_size=10240, cen_reg=0.005, data_path='data/', dataset='tmall', emb_reg=2.5e-05, embed_size=32, epoch=100, lr=0.001, n_batch=40, n_heads=4, n_intents=128, n_layers=2, sample_num=40, save_model=False, seed=2022, show_step=1, ssl_reg=0.1, temp=1, train_num=10000, verbose=1)
2024-06-23 12:39:26,004 - Epoch  0 [22.4s + 2.1s]: train==[11.27851=0.63083 + 0.00268 + 0.40701 + 10.23800], test-recall=[0.0204, 0.0334], test-ndcg=[0.0140, 0.0186]
2024-06-23 12:39:50,461 - Epoch  1 [22.1s + 2.4s]: train==[10.62930=0.40154 + 0.00953 + 0.35211 + 9.86612], test-recall=[0.0287, 0.0476], test-ndcg=[0.0198, 0.0264]
2024-06-23 12:40:14,789 - Epoch  2 [22.3s + 2.1s]: train==[10.46761=0.30067 + 0.01605 + 0.34092 + 9.80997], test-recall=[0.0371, 0.0604], test-ndcg=[0.0253, 0.0334]
2024-06-23 12:40:38,969 - Epoch  3 [22.1s + 2.1s]: train==[10.39916=0.26099 + 0.02027 + 0.32779 + 9.79011], test-recall=[0.0429, 0.0691], test-ndcg=[0.0295, 0.0387]
2024-06-23 12:41:03,416 - Epoch  4 [22.0s + 2.4s]: train==[10.35207=0.23625 + 0.02357 + 0.31341 + 9.77885], test-recall=[0.0470, 0.0751], test-ndcg=[0.0326, 0.0423]
2024-06-23 12:41:27,503 - Epoch  5 [22.0s + 2.1s]: train==[10.31326=0.21789 + 0.02636 + 0.29828 + 9.77073], test-recall=[0.0501, 0.0793], test-ndcg=[0.0348, 0.0450]
2024-06-23 12:41:51,644 - Epoch  6 [22.1s + 2.1s]: train==[10.27925=0.20227 + 0.02871 + 0.28286 + 9.76541], test-recall=[0.0523, 0.0827], test-ndcg=[0.0366, 0.0471]
2024-06-23 12:42:15,672 - Epoch  7 [22.0s + 2.0s]: train==[10.25094=0.19163 + 0.03078 + 0.26751 + 9.76101], test-recall=[0.0538, 0.0855], test-ndcg=[0.0378, 0.0488]
2024-06-23 12:42:40,077 - Epoch  8 [22.0s + 2.4s]: train==[10.22516=0.18178 + 0.03252 + 0.25264 + 9.75823], test-recall=[0.0550, 0.0877], test-ndcg=[0.0387, 0.0500]
2024-06-23 12:43:04,273 - Epoch  9 [22.1s + 2.1s]: train==[10.20042=0.17237 + 0.03409 + 0.23855 + 9.75542], test-recall=[0.0564, 0.0894], test-ndcg=[0.0394, 0.0508]
2024-06-23 12:43:28,396 - Epoch 10 [22.1s + 2.1s]: train==[10.18208=0.16674 + 0.03543 + 0.22556 + 9.75434], test-recall=[0.0576, 0.0911], test-ndcg=[0.0403, 0.0520]
2024-06-23 12:43:52,510 - Epoch 11 [22.1s + 2.1s]: train==[10.16239=0.15984 + 0.03656 + 0.21375 + 9.75225], test-recall=[0.0585, 0.0922], test-ndcg=[0.0411, 0.0528]
2024-06-23 12:44:16,554 - Epoch 12 [22.0s + 2.1s]: train==[10.14681=0.15462 + 0.03759 + 0.20309 + 9.75151], test-recall=[0.0596, 0.0939], test-ndcg=[0.0417, 0.0536]
2024-06-23 12:44:40,582 - Epoch 13 [22.0s + 2.0s]: train==[10.13148=0.14835 + 0.03853 + 0.19351 + 9.75109], test-recall=[0.0600, 0.0949], test-ndcg=[0.0421, 0.0542]
2024-06-23 12:45:05,045 - Epoch 14 [22.4s + 2.0s]: train==[10.11804=0.14346 + 0.03935 + 0.18494 + 9.75029], test-recall=[0.0611, 0.0962], test-ndcg=[0.0428, 0.0550]
2024-06-23 12:45:29,178 - Epoch 15 [21.7s + 2.4s]: train==[10.10595=0.13880 + 0.04007 + 0.17722 + 9.74986], test-recall=[0.0617, 0.0967], test-ndcg=[0.0431, 0.0552]
2024-06-23 12:45:53,395 - Epoch 16 [22.1s + 2.1s]: train==[10.09671=0.13626 + 0.04068 + 0.17027 + 9.74949], test-recall=[0.0626, 0.0975], test-ndcg=[0.0436, 0.0557]
2024-06-23 12:46:17,568 - Epoch 17 [22.0s + 2.1s]: train==[10.08610=0.13165 + 0.04121 + 0.16403 + 9.74920], test-recall=[0.0625, 0.0978], test-ndcg=[0.0437, 0.0559]
2024-06-23 12:46:41,943 - Epoch 18 [22.0s + 2.4s]: train==[10.07811=0.13044 + 0.04169 + 0.15839 + 9.74759], test-recall=[0.0632, 0.0991], test-ndcg=[0.0441, 0.0566]
2024-06-23 12:47:06,021 - Epoch 19 [22.0s + 2.0s]: train==[10.06971=0.12559 + 0.04208 + 0.15324 + 9.74880], test-recall=[0.0635, 0.0993], test-ndcg=[0.0443, 0.0567]
2024-06-23 12:47:30,140 - Epoch 20 [22.1s + 2.0s]: train==[10.06196=0.12256 + 0.04257 + 0.14854 + 9.74830], test-recall=[0.0641, 0.0999], test-ndcg=[0.0447, 0.0571]
2024-06-23 12:47:54,235 - Epoch 21 [22.0s + 2.1s]: train==[10.05708=0.12184 + 0.04285 + 0.14425 + 9.74815], test-recall=[0.0642, 0.1008], test-ndcg=[0.0448, 0.0575]
2024-06-23 12:48:18,616 - Epoch 22 [22.3s + 2.0s]: train==[10.05031=0.11885 + 0.04313 + 0.14031 + 9.74803], test-recall=[0.0646, 0.1015], test-ndcg=[0.0450, 0.0578]
2024-06-23 12:48:42,902 - Epoch 23 [22.1s + 2.1s]: train==[10.04365=0.11602 + 0.04339 + 0.13666 + 9.74758], test-recall=[0.0649, 0.1012], test-ndcg=[0.0452, 0.0578]
2024-06-23 12:49:07,028 - Epoch 24 [22.1s + 2.0s]: train==[10.03964=0.11482 + 0.04361 + 0.13329 + 9.74792], test-recall=[0.0650, 0.1015], test-ndcg=[0.0455, 0.0582]
2024-06-23 12:49:30,930 - Epoch 25 [21.6s + 2.3s]: train==[10.03373=0.11196 + 0.04380 + 0.13017 + 9.74779], test-recall=[0.0651, 0.1012], test-ndcg=[0.0457, 0.0582]
2024-06-23 12:49:54,913 - Epoch 26 [22.0s + 2.0s]: train==[10.03170=0.11226 + 0.04399 + 0.12726 + 9.74819], test-recall=[0.0652, 0.1013], test-ndcg=[0.0459, 0.0585]
2024-06-23 12:50:19,262 - Epoch 27 [22.3s + 2.0s]: train==[10.02567=0.10942 + 0.04413 + 0.12455 + 9.74757], test-recall=[0.0654, 0.1017], test-ndcg=[0.0460, 0.0586]
2024-06-23 12:50:43,307 - Epoch 28 [21.6s + 2.4s]: train==[10.02272=0.10819 + 0.04426 + 0.12202 + 9.74825], test-recall=[0.0654, 0.1020], test-ndcg=[0.0460, 0.0587]
2024-06-23 12:51:07,408 - Epoch 29 [22.0s + 2.1s]: train==[10.01851=0.10669 + 0.04439 + 0.11964 + 9.74779], test-recall=[0.0655, 0.1022], test-ndcg=[0.0461, 0.0589]
2024-06-23 12:51:31,443 - Epoch 30 [22.0s + 2.1s]: train==[10.01518=0.10486 + 0.04448 + 0.11741 + 9.74842], test-recall=[0.0654, 0.1019], test-ndcg=[0.0461, 0.0587]
2024-06-23 12:51:55,738 - Epoch 31 [21.9s + 2.3s]: train==[10.01228=0.10394 + 0.04462 + 0.11531 + 9.74841], test-recall=[0.0656, 0.1019], test-ndcg=[0.0460, 0.0586]
2024-06-23 12:52:19,739 - Epoch 32 [21.9s + 2.1s]: train==[10.00818=0.10228 + 0.04471 + 0.11334 + 9.74785], test-recall=[0.0657, 0.1024], test-ndcg=[0.0460, 0.0588]
2024-06-23 12:52:43,711 - Epoch 33 [21.9s + 2.0s]: train==[10.00603=0.10143 + 0.04476 + 0.11147 + 9.74836], test-recall=[0.0655, 0.1023], test-ndcg=[0.0459, 0.0587]
2024-06-23 12:53:07,782 - Epoch 34 [22.0s + 2.1s]: train==[10.00571=0.10230 + 0.04482 + 0.10971 + 9.74889], test-recall=[0.0656, 0.1021], test-ndcg=[0.0461, 0.0588]
2024-06-23 12:53:32,243 - Epoch 35 [22.0s + 2.4s]: train==[10.00364=0.10072 + 0.04481 + 0.10804 + 9.75008], test-recall=[0.0657, 0.1025], test-ndcg=[0.0462, 0.0590]
2024-06-23 12:53:56,359 - Epoch 36 [22.0s + 2.1s]: train==[9.99947=0.09902 + 0.04491 + 0.10645 + 9.74909], test-recall=[0.0656, 0.1023], test-ndcg=[0.0462, 0.0589]
2024-06-23 12:54:20,371 - Epoch 37 [22.0s + 2.0s]: train==[9.99736=0.09855 + 0.04499 + 0.10494 + 9.74889], test-recall=[0.0659, 0.1021], test-ndcg=[0.0463, 0.0588]
2024-06-23 12:54:44,383 - Epoch 38 [22.0s + 2.0s]: train==[9.99504=0.09749 + 0.04500 + 0.10349 + 9.74906], test-recall=[0.0659, 0.1019], test-ndcg=[0.0463, 0.0587]
2024-06-23 12:55:08,418 - Epoch 39 [22.0s + 2.0s]: train==[9.99510=0.09746 + 0.04500 + 0.10211 + 9.75053], test-recall=[0.0662, 0.1023], test-ndcg=[0.0463, 0.0589]
2024-06-23 12:55:32,425 - Epoch 40 [21.9s + 2.1s]: train==[9.99092=0.09548 + 0.04502 + 0.10081 + 9.74962], test-recall=[0.0658, 0.1024], test-ndcg=[0.0462, 0.0589]
2024-06-23 12:55:56,823 - Epoch 41 [22.3s + 2.1s]: train==[9.99005=0.09520 + 0.04506 + 0.09955 + 9.75024], test-recall=[0.0658, 0.1026], test-ndcg=[0.0462, 0.0590]
2024-06-23 12:56:20,887 - Epoch 42 [21.6s + 2.4s]: train==[9.98603=0.09371 + 0.04509 + 0.09835 + 9.74889], test-recall=[0.0659, 0.1027], test-ndcg=[0.0462, 0.0590]
2024-06-23 12:56:44,921 - Epoch 43 [22.0s + 2.0s]: train==[9.98792=0.09430 + 0.04508 + 0.09720 + 9.75134], test-recall=[0.0661, 0.1020], test-ndcg=[0.0463, 0.0589]
2024-06-23 12:57:08,957 - Epoch 44 [22.0s + 2.1s]: train==[9.98455=0.09292 + 0.04503 + 0.09610 + 9.75051], test-recall=[0.0655, 0.1018], test-ndcg=[0.0461, 0.0588]
2024-06-23 12:57:33,345 - Epoch 45 [22.0s + 2.4s]: train==[9.98412=0.09336 + 0.04504 + 0.09504 + 9.75068], test-recall=[0.0655, 0.1022], test-ndcg=[0.0462, 0.0590]
2024-06-23 12:57:57,518 - Epoch 46 [22.1s + 2.1s]: train==[9.98367=0.09342 + 0.04504 + 0.09403 + 9.75118], test-recall=[0.0655, 0.1018], test-ndcg=[0.0462, 0.0588]
2024-06-23 12:58:21,695 - Epoch 47 [22.1s + 2.1s]: train==[9.97916=0.09143 + 0.04508 + 0.09305 + 9.74960], test-recall=[0.0655, 0.1022], test-ndcg=[0.0461, 0.0589]
2024-06-23 12:58:45,894 - Epoch 48 [22.1s + 2.1s]: train==[9.97996=0.09231 + 0.04504 + 0.09211 + 9.75050], test-recall=[0.0651, 0.1016], test-ndcg=[0.0460, 0.0587]
2024-06-23 12:59:10,379 - Epoch 49 [22.4s + 2.1s]: train==[9.97671=0.09009 + 0.04507 + 0.09120 + 9.75035], test-recall=[0.0655, 0.1021], test-ndcg=[0.0461, 0.0589]
2024-06-23 12:59:34,662 - Epoch 50 [22.1s + 2.2s]: train==[9.97689=0.09043 + 0.04508 + 0.09033 + 9.75105], test-recall=[0.0650, 0.1017], test-ndcg=[0.0458, 0.0586]
2024-06-23 12:59:58,817 - Epoch 51 [22.0s + 2.1s]: train==[9.97486=0.08971 + 0.04506 + 0.08948 + 9.75061], test-recall=[0.0651, 0.1018], test-ndcg=[0.0459, 0.0587]
2024-06-23 13:00:22,767 - Epoch 52 [21.6s + 2.3s]: train==[9.97456=0.08908 + 0.04506 + 0.08866 + 9.75176], test-recall=[0.0654, 0.1019], test-ndcg=[0.0459, 0.0586]
2024-06-23 13:00:46,864 - Epoch 53 [22.0s + 2.1s]: train==[9.97421=0.08933 + 0.04504 + 0.08787 + 9.75197], test-recall=[0.0650, 0.1019], test-ndcg=[0.0459, 0.0587]
2024-06-23 13:01:11,363 - Epoch 54 [22.5s + 2.0s]: train==[9.97284=0.08938 + 0.04503 + 0.08711 + 9.75132], test-recall=[0.0650, 0.1011], test-ndcg=[0.0458, 0.0583]
2024-06-23 13:01:35,545 - Epoch 55 [21.8s + 2.4s]: train==[9.97126=0.08784 + 0.04500 + 0.08638 + 9.75204], test-recall=[0.0649, 0.1019], test-ndcg=[0.0458, 0.0587]
2024-06-23 13:01:59,703 - Epoch 56 [22.1s + 2.1s]: train==[9.97097=0.08754 + 0.04496 + 0.08566 + 9.75280], test-recall=[0.0646, 0.1010], test-ndcg=[0.0457, 0.0583]
2024-06-23 13:02:23,871 - Epoch 57 [22.0s + 2.2s]: train==[9.96950=0.08736 + 0.04498 + 0.08497 + 9.75220], test-recall=[0.0644, 0.1009], test-ndcg=[0.0458, 0.0584]
2024-06-23 13:02:48,419 - Epoch 58 [22.0s + 2.5s]: train==[9.96662=0.08655 + 0.04498 + 0.08429 + 9.75080], test-recall=[0.0649, 0.1008], test-ndcg=[0.0459, 0.0583]
2024-06-23 13:03:12,650 - Epoch 59 [22.1s + 2.1s]: train==[9.96731=0.08646 + 0.04494 + 0.08364 + 9.75227], test-recall=[0.0647, 0.1006], test-ndcg=[0.0458, 0.0583]
2024-06-23 13:03:36,714 - Epoch 60 [22.0s + 2.1s]: train==[9.96547=0.08661 + 0.04494 + 0.08300 + 9.75092], test-recall=[0.0648, 0.1000], test-ndcg=[0.0457, 0.0580]
2024-06-23 13:04:00,800 - Epoch 61 [22.0s + 2.0s]: train==[9.96620=0.08687 + 0.04490 + 0.08239 + 9.75204], test-recall=[0.0646, 0.1001], test-ndcg=[0.0455, 0.0579]
2024-06-23 13:04:25,441 - Epoch 62 [22.3s + 2.4s]: train==[9.96533=0.08603 + 0.04488 + 0.08179 + 9.75263], test-recall=[0.0639, 0.0998], test-ndcg=[0.0452, 0.0577]
2024-06-23 13:04:49,526 - Epoch 63 [22.0s + 2.0s]: train==[9.96417=0.08605 + 0.04486 + 0.08121 + 9.75205], test-recall=[0.0641, 0.0996], test-ndcg=[0.0453, 0.0577]
2024-06-23 13:05:13,687 - Epoch 64 [22.1s + 2.1s]: train==[9.96336=0.08522 + 0.04482 + 0.08064 + 9.75267], test-recall=[0.0641, 0.0995], test-ndcg=[0.0453, 0.0576]
2024-06-23 13:05:37,940 - Epoch 65 [22.1s + 2.1s]: train==[9.96328=0.08531 + 0.04485 + 0.08009 + 9.75303], test-recall=[0.0640, 0.0996], test-ndcg=[0.0454, 0.0578]
2024-06-23 13:06:02,164 - Epoch 66 [22.0s + 2.2s]: train==[9.96193=0.08535 + 0.04480 + 0.07955 + 9.75223], test-recall=[0.0642, 0.0992], test-ndcg=[0.0451, 0.0575]
2024-06-23 13:06:26,203 - Epoch 67 [22.0s + 2.1s]: train==[9.96259=0.08533 + 0.04475 + 0.07903 + 9.75348], test-recall=[0.0642, 0.0990], test-ndcg=[0.0450, 0.0574]
2024-06-23 13:06:50,552 - Epoch 68 [22.3s + 2.0s]: train==[9.96228=0.08503 + 0.04472 + 0.07852 + 9.75401], test-recall=[0.0646, 0.0991], test-ndcg=[0.0450, 0.0574]
2024-06-23 13:07:14,610 - Epoch 69 [21.7s + 2.3s]: train==[9.96055=0.08403 + 0.04472 + 0.07802 + 9.75377], test-recall=[0.0648, 0.0991], test-ndcg=[0.0450, 0.0573]
2024-06-23 13:07:38,759 - Epoch 70 [22.1s + 2.0s]: train==[9.95940=0.08372 + 0.04472 + 0.07754 + 9.75342], test-recall=[0.0649, 0.0996], test-ndcg=[0.0450, 0.0572]
2024-06-23 13:08:02,969 - Epoch 71 [22.1s + 2.1s]: train==[9.95988=0.08460 + 0.04469 + 0.07707 + 9.75353], test-recall=[0.0651, 0.0995], test-ndcg=[0.0449, 0.0572]
2024-06-23 13:08:27,449 - Epoch 72 [22.0s + 2.4s]: train==[9.95851=0.08382 + 0.04465 + 0.07661 + 9.75343], test-recall=[0.0652, 0.0994], test-ndcg=[0.0448, 0.0571]
2024-06-23 13:08:51,701 - Epoch 73 [22.1s + 2.2s]: train==[9.95700=0.08296 + 0.04463 + 0.07616 + 9.75325], test-recall=[0.0654, 0.0999], test-ndcg=[0.0449, 0.0571]
2024-06-23 13:09:15,835 - Epoch 74 [22.0s + 2.1s]: train==[9.95804=0.08414 + 0.04461 + 0.07572 + 9.75357], test-recall=[0.0656, 0.0995], test-ndcg=[0.0448, 0.0571]
2024-06-23 13:09:39,841 - Epoch 75 [22.0s + 2.0s]: train==[9.95707=0.08361 + 0.04457 + 0.07529 + 9.75360], test-recall=[0.0655, 0.0998], test-ndcg=[0.0448, 0.0568]
2024-06-23 13:10:04,238 - Epoch 76 [22.4s + 2.0s]: train==[9.95687=0.08354 + 0.04454 + 0.07487 + 9.75392], test-recall=[0.0656, 0.1010], test-ndcg=[0.0451, 0.0567]
2024-06-23 13:10:28,321 - Epoch 77 [22.1s + 2.0s]: train==[9.95690=0.08348 + 0.04452 + 0.07446 + 9.75444], test-recall=[0.0658, 0.1012], test-ndcg=[0.0452, 0.0568]
2024-06-23 13:10:52,455 - Epoch 78 [22.1s + 2.0s]: train==[9.95554=0.08339 + 0.04449 + 0.07406 + 9.75361], test-recall=[0.0660, 0.1015], test-ndcg=[0.0453, 0.0567]
2024-06-23 13:11:16,539 - Epoch 79 [21.7s + 2.4s]: train==[9.95614=0.08418 + 0.04450 + 0.07366 + 9.75379], test-recall=[0.0662, 0.1020], test-ndcg=[0.0454, 0.0567]
2024-06-23 13:11:40,758 - Epoch 80 [22.1s + 2.1s]: train==[9.95523=0.08241 + 0.04446 + 0.07328 + 9.75508], test-recall=[0.0661, 0.1024], test-ndcg=[0.0456, 0.0565]
2024-06-23 13:12:05,323 - Epoch 81 [22.4s + 2.2s]: train==[9.95466=0.08297 + 0.04446 + 0.07291 + 9.75433], test-recall=[0.0662, 0.1026], test-ndcg=[0.0455, 0.0566]
2024-06-23 13:12:29,446 - Epoch 82 [21.7s + 2.4s]: train==[9.95326=0.08209 + 0.04442 + 0.07254 + 9.75422], test-recall=[0.0667, 0.1025], test-ndcg=[0.0460, 0.0567]
2024-06-23 13:12:53,569 - Epoch 83 [22.0s + 2.1s]: train==[9.95470=0.08280 + 0.04441 + 0.07218 + 9.75531], test-recall=[0.0666, 0.1030], test-ndcg=[0.0462, 0.0564]
2024-06-23 13:13:17,594 - Epoch 84 [22.0s + 2.1s]: train==[9.95209=0.08158 + 0.04439 + 0.07183 + 9.75430], test-recall=[0.0668, 0.1038], test-ndcg=[0.0467, 0.0568]
2024-06-23 13:13:41,961 - Epoch 85 [22.0s + 2.4s]: train==[9.95262=0.08246 + 0.04435 + 0.07148 + 9.75433], test-recall=[0.0669, 0.1040], test-ndcg=[0.0467, 0.0569]
2024-06-23 13:14:06,064 - Epoch 86 [22.1s + 2.0s]: train==[9.95247=0.08166 + 0.04435 + 0.07114 + 9.75532], test-recall=[0.0670, 0.1044], test-ndcg=[0.0468, 0.0570]
2024-06-23 13:14:30,213 - Epoch 87 [22.1s + 2.1s]: train==[9.95154=0.08188 + 0.04436 + 0.07081 + 9.75449], test-recall=[0.0673, 0.1046], test-ndcg=[0.0469, 0.0572]
2024-06-23 13:14:54,343 - Epoch 88 [22.0s + 2.1s]: train==[9.95126=0.08162 + 0.04436 + 0.07049 + 9.75479], test-recall=[0.0672, 0.1048], test-ndcg=[0.0472, 0.0575]
2024-06-23 13:15:18,841 - Epoch 89 [22.0s + 2.5s]: train==[9.95035=0.08124 + 0.04431 + 0.07017 + 9.75463], test-recall=[0.0670, 0.1050], test-ndcg=[0.0472, 0.0580]
2024-06-23 13:15:43,040 - Epoch 90 [22.0s + 2.1s]: train==[9.95102=0.08179 + 0.04427 + 0.06985 + 9.75510], test-recall=[0.0671, 0.1054], test-ndcg=[0.0471, 0.0584]
2024-06-23 13:16:07,073 - Epoch 91 [22.0s + 2.0s]: train==[9.95006=0.08072 + 0.04424 + 0.06954 + 9.75557], test-recall=[0.0676, 0.1055], test-ndcg=[0.0476, 0.0583]
2024-06-23 13:16:31,095 - Epoch 92 [22.0s + 2.0s]: train==[9.95086=0.08195 + 0.04424 + 0.06924 + 9.75542], test-recall=[0.0675, 0.1055], test-ndcg=[0.0475, 0.0585]
2024-06-23 13:16:55,099 - Epoch 93 [22.0s + 2.0s]: train==[9.94828=0.08075 + 0.04423 + 0.06895 + 9.75436], test-recall=[0.0680, 0.1056], test-ndcg=[0.0480, 0.0591]
2024-06-23 13:17:19,188 - Epoch 94 [22.0s + 2.0s]: train==[9.94999=0.08124 + 0.04420 + 0.06866 + 9.75589], test-recall=[0.0681, 0.1060], test-ndcg=[0.0483, 0.0592]
2024-06-23 13:17:43,649 - Epoch 95 [22.4s + 2.1s]: train==[9.94720=0.07987 + 0.04419 + 0.06837 + 9.75476], test-recall=[0.0683, 0.1062], test-ndcg=[0.0484, 0.0590]
2024-06-23 13:18:07,753 - Epoch 96 [21.6s + 2.5s]: train==[9.94759=0.08054 + 0.04417 + 0.06809 + 9.75478], test-recall=[0.0688, 0.1062], test-ndcg=[0.0482, 0.0593]
2024-06-23 13:18:31,967 - Epoch 97 [22.0s + 2.2s]: train==[9.95051=0.08219 + 0.04415 + 0.06782 + 9.75636], test-recall=[0.0686, 0.1063], test-ndcg=[0.0486, 0.0592]
2024-06-23 13:18:55,999 - Epoch 98 [22.0s + 2.0s]: train==[9.94727=0.08001 + 0.04413 + 0.06755 + 9.75558], test-recall=[0.0687, 0.1064], test-ndcg=[0.0487, 0.0594]
2024-06-23 13:19:20,351 - Epoch 99 [22.0s + 2.3s]: train==[9.94808=0.08053 + 0.04409 + 0.06728 + 9.75617], test-recall=[0.0688, 0.1066], test-ndcg=[0.0489, 0.0595]
2024-06-23 13:19:22,520 - Final Test Set Result: test-recall=[0.0688, 0.1066], test-ndcg=[0.0489, 0.0595]